[0.049s] DEBUG:colcon:Command line arguments: ['/usr/bin/colcon', 'build', '--paths', 'simulation/workspace/src/wheelchair', '--symlink-install']
[0.049s] DEBUG:colcon:Parsed command line arguments: Namespace(log_base=None, log_level=None, verb_name='build', build_base='build', install_base='install', merge_install=False, symlink_install=True, test_result_base=None, continue_on_error=False, executor='parallel', parallel_workers=16, event_handlers=None, ignore_user_meta=False, metas=['./colcon.meta'], base_paths=['.'], packages_ignore=None, packages_ignore_regex=None, paths=['/home/joshin/Hybrid Search ETL/hybrid_rag_project/simulation/workspace/src/wheelchair'], packages_up_to=None, packages_up_to_regex=None, packages_above=None, packages_above_and_dependencies=None, packages_above_depth=None, packages_select_by_dep=None, packages_skip_by_dep=None, packages_skip_up_to=None, packages_select_build_failed=False, packages_skip_build_finished=False, packages_select_test_failures=False, packages_skip_test_passed=False, packages_select=None, packages_skip=None, packages_select_regex=None, packages_skip_regex=None, packages_start=None, packages_end=None, allow_overriding=[], cmake_args=None, cmake_target=None, cmake_target_skip_unavailable=False, cmake_clean_cache=False, cmake_clean_first=False, cmake_force_configure=False, ament_cmake_args=None, catkin_cmake_args=None, catkin_skip_building_tests=False, verb_parser=<colcon_defaults.argument_parser.defaults.DefaultArgumentsDecorator object at 0x7852cd803160>, verb_extension=<colcon_core.verb.build.BuildVerb object at 0x7852cd9445e0>, main=<bound method BuildVerb.main of <colcon_core.verb.build.BuildVerb object at 0x7852cd9445e0>>)
[0.111s] Level 1:colcon.colcon_core.package_discovery:discover_packages(colcon_meta) check parameters
[0.111s] Level 1:colcon.colcon_core.package_discovery:discover_packages(recursive) check parameters
[0.111s] Level 1:colcon.colcon_core.package_discovery:discover_packages(ignore) check parameters
[0.111s] Level 1:colcon.colcon_core.package_discovery:discover_packages(path) check parameters
[0.111s] Level 1:colcon.colcon_core.package_discovery:discover_packages(path) discover
[0.111s] Level 1:colcon.colcon_core.package_discovery:PathPackageDiscovery.discover(['/home/joshin/Hybrid Search ETL/hybrid_rag_project/simulation/workspace/src/wheelchair'])
[0.111s] Level 1:colcon.colcon_core.package_identification:_identify(/home/joshin/Hybrid Search ETL/hybrid_rag_project/simulation/workspace/src/wheelchair) by extensions ['ignore', 'ignore_ament_install']
[0.111s] Level 1:colcon.colcon_core.package_identification:_identify(/home/joshin/Hybrid Search ETL/hybrid_rag_project/simulation/workspace/src/wheelchair) by extension 'ignore'
[0.111s] Level 1:colcon.colcon_core.package_identification:_identify(/home/joshin/Hybrid Search ETL/hybrid_rag_project/simulation/workspace/src/wheelchair) by extension 'ignore_ament_install'
[0.111s] Level 1:colcon.colcon_core.package_identification:_identify(/home/joshin/Hybrid Search ETL/hybrid_rag_project/simulation/workspace/src/wheelchair) by extensions ['colcon_pkg']
[0.111s] Level 1:colcon.colcon_core.package_identification:_identify(/home/joshin/Hybrid Search ETL/hybrid_rag_project/simulation/workspace/src/wheelchair) by extension 'colcon_pkg'
[0.111s] Level 1:colcon.colcon_core.package_identification:_identify(/home/joshin/Hybrid Search ETL/hybrid_rag_project/simulation/workspace/src/wheelchair) by extensions ['colcon_meta']
[0.111s] Level 1:colcon.colcon_core.package_identification:_identify(/home/joshin/Hybrid Search ETL/hybrid_rag_project/simulation/workspace/src/wheelchair) by extension 'colcon_meta'
[0.111s] Level 1:colcon.colcon_core.package_identification:_identify(/home/joshin/Hybrid Search ETL/hybrid_rag_project/simulation/workspace/src/wheelchair) by extensions ['ros']
[0.111s] Level 1:colcon.colcon_core.package_identification:_identify(/home/joshin/Hybrid Search ETL/hybrid_rag_project/simulation/workspace/src/wheelchair) by extension 'ros'
[0.118s] DEBUG:colcon.colcon_core.package_identification:Package '/home/joshin/Hybrid Search ETL/hybrid_rag_project/simulation/workspace/src/wheelchair' with type 'ros.ament_cmake' and name 'wheelchair'
[0.118s] Level 1:colcon.colcon_core.package_discovery:discover_packages(path) using defaults
[0.128s] Level 1:colcon.colcon_core.package_discovery:discover_packages(prefix_path) check parameters
[0.129s] Level 1:colcon.colcon_core.package_discovery:discover_packages(prefix_path) discover
[0.129s] Level 1:colcon.colcon_core.package_discovery:discover_packages(prefix_path) using defaults
[0.129s] Level 5:colcon.colcon_core.verb:set package 'wheelchair' build argument 'cmake_args' from command line to 'None'
[0.129s] Level 5:colcon.colcon_core.verb:set package 'wheelchair' build argument 'cmake_target' from command line to 'None'
[0.129s] Level 5:colcon.colcon_core.verb:set package 'wheelchair' build argument 'cmake_target_skip_unavailable' from command line to 'False'
[0.129s] Level 5:colcon.colcon_core.verb:set package 'wheelchair' build argument 'cmake_clean_cache' from command line to 'False'
[0.129s] Level 5:colcon.colcon_core.verb:set package 'wheelchair' build argument 'cmake_clean_first' from command line to 'False'
[0.129s] Level 5:colcon.colcon_core.verb:set package 'wheelchair' build argument 'cmake_force_configure' from command line to 'False'
[0.130s] Level 5:colcon.colcon_core.verb:set package 'wheelchair' build argument 'ament_cmake_args' from command line to 'None'
[0.130s] Level 5:colcon.colcon_core.verb:set package 'wheelchair' build argument 'catkin_cmake_args' from command line to 'None'
[0.130s] Level 5:colcon.colcon_core.verb:set package 'wheelchair' build argument 'catkin_skip_building_tests' from command line to 'False'
[0.130s] DEBUG:colcon.colcon_core.verb:Building package 'wheelchair' with the following arguments: {'ament_cmake_args': None, 'build_base': '/home/joshin/Hybrid Search ETL/hybrid_rag_project/build/wheelchair', 'catkin_cmake_args': None, 'catkin_skip_building_tests': False, 'cmake_args': None, 'cmake_clean_cache': False, 'cmake_clean_first': False, 'cmake_force_configure': False, 'cmake_target': None, 'cmake_target_skip_unavailable': False, 'install_base': '/home/joshin/Hybrid Search ETL/hybrid_rag_project/install/wheelchair', 'merge_install': False, 'path': '/home/joshin/Hybrid Search ETL/hybrid_rag_project/simulation/workspace/src/wheelchair', 'symlink_install': True, 'test_result_base': None}
[0.130s] INFO:colcon.colcon_core.executor:Executing jobs using 'parallel' executor
[0.130s] DEBUG:colcon.colcon_parallel_executor.executor.parallel:run_until_complete
[0.130s] INFO:colcon.colcon_ros.task.ament_cmake.build:Building ROS package in '/home/joshin/Hybrid Search ETL/hybrid_rag_project/simulation/workspace/src/wheelchair' with build type 'ament_cmake'
[0.130s] INFO:colcon.colcon_cmake.task.cmake.build:Building CMake package in '/home/joshin/Hybrid Search ETL/hybrid_rag_project/simulation/workspace/src/wheelchair'
[0.132s] INFO:colcon.colcon_core.plugin_system:Skipping extension 'colcon_core.shell.bat': Not used on non-Windows systems
[0.132s] INFO:colcon.colcon_core.shell:Skip shell extension 'powershell' for command environment: Not usable outside of PowerShell
[0.132s] DEBUG:colcon.colcon_core.shell:Skip shell extension 'dsv' for command environment
[0.136s] DEBUG:colcon.colcon_core.event_handler.log_command:Invoking command in '/home/joshin/Hybrid Search ETL/hybrid_rag_project/build/wheelchair': VIRTUAL_ENV_PROMPT=(venv) /usr/bin/cmake /home/joshin/Hybrid Search ETL/hybrid_rag_project/simulation/workspace/src/wheelchair -DAMENT_CMAKE_SYMLINK_INSTALL=1 -DCMAKE_INSTALL_PREFIX=/home/joshin/Hybrid Search ETL/hybrid_rag_project/install/wheelchair
[0.354s] DEBUG:colcon.colcon_core.event_handler.log_command:Invoked command in '/home/joshin/Hybrid Search ETL/hybrid_rag_project/build/wheelchair' returned '1': VIRTUAL_ENV_PROMPT=(venv) /usr/bin/cmake /home/joshin/Hybrid Search ETL/hybrid_rag_project/simulation/workspace/src/wheelchair -DAMENT_CMAKE_SYMLINK_INSTALL=1 -DCMAKE_INSTALL_PREFIX=/home/joshin/Hybrid Search ETL/hybrid_rag_project/install/wheelchair
[0.363s] Level 1:colcon.colcon_core.environment:create_environment_scripts_only(wheelchair)
[0.365s] Level 1:colcon.colcon_core.environment:checking '/home/joshin/Hybrid Search ETL/hybrid_rag_project/install/wheelchair' for CMake module files
[0.365s] Level 1:colcon.colcon_core.environment:checking '/home/joshin/Hybrid Search ETL/hybrid_rag_project/install/wheelchair' for CMake config files
[0.365s] Level 1:colcon.colcon_core.environment:checking '/home/joshin/Hybrid Search ETL/hybrid_rag_project/install/wheelchair/bin'
[0.365s] Level 1:colcon.colcon_core.environment:checking '/home/joshin/Hybrid Search ETL/hybrid_rag_project/install/wheelchair/lib/pkgconfig/wheelchair.pc'
[0.366s] Level 1:colcon.colcon_core.environment:checking '/home/joshin/Hybrid Search ETL/hybrid_rag_project/install/wheelchair/lib/python3.10/site-packages'
[0.366s] Level 1:colcon.colcon_core.environment:checking '/home/joshin/Hybrid Search ETL/hybrid_rag_project/install/wheelchair/bin'
[0.366s] INFO:colcon.colcon_core.shell:Creating package script '/home/joshin/Hybrid Search ETL/hybrid_rag_project/install/wheelchair/share/wheelchair/package.ps1'
[0.367s] INFO:colcon.colcon_core.shell:Creating package descriptor '/home/joshin/Hybrid Search ETL/hybrid_rag_project/install/wheelchair/share/wheelchair/package.dsv'
[0.367s] INFO:colcon.colcon_core.shell:Creating package script '/home/joshin/Hybrid Search ETL/hybrid_rag_project/install/wheelchair/share/wheelchair/package.sh'
[0.367s] INFO:colcon.colcon_core.shell:Creating package script '/home/joshin/Hybrid Search ETL/hybrid_rag_project/install/wheelchair/share/wheelchair/package.bash'
[0.368s] INFO:colcon.colcon_core.shell:Creating package script '/home/joshin/Hybrid Search ETL/hybrid_rag_project/install/wheelchair/share/wheelchair/package.zsh'
[0.368s] Level 1:colcon.colcon_core.environment:create_file_with_runtime_dependencies(/home/joshin/Hybrid Search ETL/hybrid_rag_project/install/wheelchair/share/colcon-core/packages/wheelchair)
[0.378s] DEBUG:colcon.colcon_parallel_executor.executor.parallel:closing loop
[0.378s] DEBUG:colcon.colcon_parallel_executor.executor.parallel:loop closed
[0.378s] DEBUG:colcon.colcon_parallel_executor.executor.parallel:run_until_complete finished with '1'
[0.378s] DEBUG:colcon.colcon_core.event_reactor:joining thread
[0.382s] INFO:colcon.colcon_core.plugin_system:Skipping extension 'colcon_notification.desktop_notification.terminal_notifier': Not used on non-Darwin systems
[0.382s] INFO:colcon.colcon_core.plugin_system:Skipping extension 'colcon_notification.desktop_notification.win32': Not used on non-Windows systems
[0.382s] INFO:colcon.colcon_notification.desktop_notification:Sending desktop notification using 'notify2'
[0.390s] DEBUG:colcon.colcon_core.event_reactor:joined thread
[0.391s] INFO:colcon.colcon_core.shell:Creating prefix script '/home/joshin/Hybrid Search ETL/hybrid_rag_project/install/local_setup.ps1'
[0.391s] INFO:colcon.colcon_core.shell:Creating prefix util module '/home/joshin/Hybrid Search ETL/hybrid_rag_project/install/_local_setup_util_ps1.py'
[0.392s] INFO:colcon.colcon_core.shell:Creating prefix chain script '/home/joshin/Hybrid Search ETL/hybrid_rag_project/install/setup.ps1'
[0.393s] INFO:colcon.colcon_core.shell:Creating prefix script '/home/joshin/Hybrid Search ETL/hybrid_rag_project/install/local_setup.sh'
[0.393s] INFO:colcon.colcon_core.shell:Creating prefix util module '/home/joshin/Hybrid Search ETL/hybrid_rag_project/install/_local_setup_util_sh.py'
[0.393s] INFO:colcon.colcon_core.shell:Creating prefix chain script '/home/joshin/Hybrid Search ETL/hybrid_rag_project/install/setup.sh'
[0.394s] INFO:colcon.colcon_core.shell:Creating prefix script '/home/joshin/Hybrid Search ETL/hybrid_rag_project/install/local_setup.bash'
[0.394s] INFO:colcon.colcon_core.shell:Creating prefix chain script '/home/joshin/Hybrid Search ETL/hybrid_rag_project/install/setup.bash'
[0.394s] INFO:colcon.colcon_core.shell:Creating prefix script '/home/joshin/Hybrid Search ETL/hybrid_rag_project/install/local_setup.zsh'
[0.395s] INFO:colcon.colcon_core.shell:Creating prefix chain script '/home/joshin/Hybrid Search ETL/hybrid_rag_project/install/setup.zsh'
