[0.005s] Invoking command in '/home/joshin/Hybrid Search ETL/hybrid_rag_project/build/wheelchair': VIRTUAL_ENV_PROMPT=(venv) /usr/bin/cmake /home/joshin/Hybrid Search ETL/hybrid_rag_project/simulation/workspace/src/wheelchair -DAMENT_CMAKE_SYMLINK_INSTALL=1 -DCMAKE_INSTALL_PREFIX=/home/joshin/Hybrid Search ETL/hybrid_rag_project/install/wheelchair
[0.044s] -- The C compiler identification is GNU 11.4.0
[0.081s] -- The CXX compiler identification is GNU 11.4.0
[0.086s] -- Detecting C compiler ABI info
[0.140s] -- Detecting C compiler ABI info - done
[0.144s] -- Check for working C compiler: /usr/bin/cc - skipped
[0.145s] -- Detecting C compile features
[0.145s] -- Detecting C compile features - done
[0.146s] -- Detecting CXX compiler ABI info
[0.204s] -- Detecting CXX compiler ABI info - done
[0.210s] -- Check for working CXX compiler: /usr/bin/c++ - skipped
[0.210s] -- Detecting CXX compile features
[0.210s] -- Detecting CXX compile features - done
[0.219s] [31mCMake Error at CMakeLists.txt:9 (find_package):
[0.219s]   By not providing "Findament_cmake.cmake" in CMAKE_MODULE_PATH this project
[0.219s]   has asked CMake to find a package configuration file provided by
[0.219s]   "ament_cmake", but CMake did not find one.
[0.219s] 
[0.219s]   Could not find a package configuration file provided by "ament_cmake" with
[0.219s]   any of the following names:
[0.219s] 
[0.219s]     ament_cmakeConfig.cmake
[0.219s]     ament_cmake-config.cmake
[0.219s] 
[0.219s]   Add the installation prefix of "ament_cmake" to CMAKE_PREFIX_PATH or set
[0.219s]   "ament_cmake_DIR" to a directory containing one of the above files.  If
[0.219s]   "ament_cmake" provides a separate development package or SDK, be sure it
[0.219s]   has been installed.
[0.219s] 
[0.219s] [0m
[0.220s] -- Configuring incomplete, errors occurred!
[0.220s] See also "/home/joshin/Hybrid Search ETL/hybrid_rag_project/build/wheelchair/CMakeFiles/CMakeOutput.log".
[0.223s] Invoked command in '/home/joshin/Hybrid Search ETL/hybrid_rag_project/build/wheelchair' returned '1': VIRTUAL_ENV_PROMPT=(venv) /usr/bin/cmake /home/joshin/Hybrid Search ETL/hybrid_rag_project/simulation/workspace/src/wheelchair -DAMENT_CMAKE_SYMLINK_INSTALL=1 -DCMAKE_INSTALL_PREFIX=/home/joshin/Hybrid Search ETL/hybrid_rag_project/install/wheelchair
