-- The C compiler identification is GNU 11.4.0
-- The CXX compiler identification is GNU 11.4.0
-- Detecting C compiler ABI info
-- Detecting C compiler ABI info - done
-- Check for working C compiler: /usr/bin/cc - skipped
-- Detecting C compile features
-- Detecting C compile features - done
-- Detecting CXX compiler ABI info
-- Detecting CXX compiler ABI info - done
-- Check for working CXX compiler: /usr/bin/c++ - skipped
-- Detecting CXX compile features
-- Detecting CXX compile features - done
-- Found ament_cmake: 1.3.12 (/opt/ros/humble/share/ament_cmake/cmake)
-- Found Python3: /usr/bin/python3 (found version "3.10.12") found components: Interpreter 
-- Override CMake install command with custom implementation using symlinks instead of copying resources
-- Found gazebo_ros: 3.9.0 (/opt/ros/humble/share/gazebo_ros/cmake)
-- Found rosidl_generator_c: 3.1.8 (/opt/ros/humble/share/rosidl_generator_c/cmake)
-- Found rosidl_adapter: 3.1.8 (/opt/ros/humble/share/rosidl_adapter/cmake)
-- Found rosidl_generator_cpp: 3.1.8 (/opt/ros/humble/share/rosidl_generator_cpp/cmake)
-- Using all available rosidl_typesupport_c: rosidl_typesupport_fastrtps_c;rosidl_typesupport_introspection_c
-- Using all available rosidl_typesupport_cpp: rosidl_typesupport_fastrtps_cpp;rosidl_typesupport_introspection_cpp
-- Found rmw_implementation_cmake: 6.1.2 (/opt/ros/humble/share/rmw_implementation_cmake/cmake)
-- Found rmw_fastrtps_cpp: 6.2.9 (/opt/ros/humble/share/rmw_fastrtps_cpp/cmake)
-- Found OpenSSL: /usr/lib/x86_64-linux-gnu/libcrypto.so (found version "3.0.2")  
-- Found FastRTPS: /opt/ros/humble/include  
-- Using RMW implementation 'rmw_fastrtps_cpp' as default
-- Looking for pthread.h
-- Looking for pthread.h - found
-- Performing Test CMAKE_HAVE_LIBC_PTHREAD
-- Performing Test CMAKE_HAVE_LIBC_PTHREAD - Success
-- Found Threads: TRUE  
-- Found PkgConfig: /usr/bin/pkg-config (found version "0.29.2") 
-- Checking for module 'bullet>=2.82'
--   Found bullet, version 3.05
-- Found fcl: /usr/include (found suitable version "0.7.0", minimum required is "0.5.0") 
-- Found assimp: /usr/include (found version "5.2.0") 
-- Found DART: /usr/include (Required is at least version "6.6") found components: dart 
-- Found Boost: /usr/lib/x86_64-linux-gnu/cmake/Boost-1.74.0/BoostConfig.cmake (found suitable version "1.74.0", minimum required is "1.40.0") found components: thread system filesystem program_options regex iostreams date_time 
-- Found Protobuf: /usr/lib/x86_64-linux-gnu/libprotobuf.so (found version "3.12.4") 
-- Looking for ignition-math6 -- found version 6.15.1
-- Searching for dependencies of ignition-math6
-- Looking for OGRE...
-- OGRE_PREFIX_WATCH changed.
-- Checking for module 'OGRE'
--   Found OGRE, version 1.9.0
-- Found Ogre Ghadamon (1.9.0)
-- Found OGRE: optimized;/usr/lib/x86_64-linux-gnu/libOgreMain.so;debug;/usr/lib/x86_64-linux-gnu/libOgreMain.so
-- Looking for OGRE_Paging...
-- Found OGRE_Paging: optimized;/usr/lib/x86_64-linux-gnu/libOgrePaging.so;debug;/usr/lib/x86_64-linux-gnu/libOgrePaging.so
-- Looking for OGRE_Terrain...
-- Found OGRE_Terrain: optimized;/usr/lib/x86_64-linux-gnu/libOgreTerrain.so;debug;/usr/lib/x86_64-linux-gnu/libOgreTerrain.so
-- Looking for OGRE_Property...
-- Found OGRE_Property: optimized;/usr/lib/x86_64-linux-gnu/libOgreProperty.so;debug;/usr/lib/x86_64-linux-gnu/libOgreProperty.so
-- Looking for OGRE_RTShaderSystem...
-- Found OGRE_RTShaderSystem: optimized;/usr/lib/x86_64-linux-gnu/libOgreRTShaderSystem.so;debug;/usr/lib/x86_64-linux-gnu/libOgreRTShaderSystem.so
-- Looking for OGRE_Volume...
-- Found OGRE_Volume: optimized;/usr/lib/x86_64-linux-gnu/libOgreVolume.so;debug;/usr/lib/x86_64-linux-gnu/libOgreVolume.so
-- Looking for OGRE_Overlay...
-- Found OGRE_Overlay: optimized;/usr/lib/x86_64-linux-gnu/libOgreOverlay.so;debug;/usr/lib/x86_64-linux-gnu/libOgreOverlay.so
-- Looking for ignition-math6 -- found version 6.15.1
-- Looking for ignition-transport8 -- found version 8.2.1
-- Searching for dependencies of ignition-transport8
-- Found Protobuf: /usr/lib/x86_64-linux-gnu/libprotobuf.so (found suitable version "3.12.4", minimum required is "3") 
-- Config-file not installed for ZeroMQ -- checking for pkg-config
-- Checking for module 'libzmq >= 4'
--   Found libzmq , version 4.3.4
-- Found ZeroMQ: TRUE (Required is at least version "4") 
-- Checking for module 'uuid'
--   Found uuid, version 2.37.2
-- Found UUID: TRUE  
-- Looking for ignition-msgs5 -- found version 5.8.1
-- Searching for dependencies of ignition-msgs5
-- Looking for ignition-math6 -- found version 6.15.1
-- Checking for module 'tinyxml2'
--   Found tinyxml2, version 9.0.0
-- Looking for ignition-msgs5 -- found version 5.8.1
-- Looking for ignition-common3 -- found version 3.14.0
-- Searching for dependencies of ignition-common3
-- Looking for dlfcn.h - found
-- Looking for libdl - found
-- Found DL: TRUE  
-- Found tinyobjloader: /usr/lib/x86_64-linux-gnu/cmake/tinyobjloader/tinyobjloader-config.cmake (found version "2.0.0") 
-- Searching for <ignition-common3> component [graphics]
-- Looking for ignition-common3-graphics -- found version 3.14.0
-- Searching for dependencies of ignition-common3-graphics
-- Looking for ignition-math6 -- found version 6.15.1
-- Looking for ignition-fuel_tools4 -- found version 4.4.0
-- Searching for dependencies of ignition-fuel_tools4
-- Found CURL: /usr/lib/x86_64-linux-gnu/libcurl.so (found version "7.81.0")  
-- Checking for module 'jsoncpp'
--   Found jsoncpp, version 1.9.5
-- Found JSONCPP: TRUE  
-- Checking for module 'libzip'
--   Found libzip, version 1.7.3
-- Found ZIP: TRUE  
-- Looking for ignition-common3 -- found version 3.14.0
-- Looking for ignition-math6 -- found version 6.15.1
-- Looking for ignition-msgs5 -- found version 5.8.1
-- Gazebo version: 11.10
-- Checking for module 'tbb'
--   Found tbb, version 2021.5.0
-- Found gazebo_ros_pkgs: 3.9.0 (/opt/ros/humble/share/gazebo_ros_pkgs/cmake)
-- Found ament_lint_auto: 0.12.14 (/opt/ros/humble/share/ament_lint_auto/cmake)
-- Added test 'flake8' to check Python code syntax and style conventions
-- Added test 'lint_cmake' to check CMake code style
-- Added test 'pep257' to check Python code against some of the docstring style conventions in PEP 257
-- Added test 'xmllint' to check XML markup files
-- Configuring done
-- Generating done
-- Build files have been written to: /home/joshin/Hybrid Search ETL/hybrid_rag_project/simulation/workspace/build/wheelchair
-- Install configuration: ""
-- Execute custom install script
-- Symlinking: /home/joshin/Hybrid Search ETL/hybrid_rag_project/simulation/workspace/install/wheelchair/share/wheelchair//launch/ign_launch.py
-- Symlinking: /home/joshin/Hybrid Search ETL/hybrid_rag_project/simulation/workspace/install/wheelchair/share/wheelchair//launch/launch.py
-- Symlinking: /home/joshin/Hybrid Search ETL/hybrid_rag_project/simulation/workspace/install/wheelchair/share/wheelchair//launch/navigation.launch.py
-- Symlinking: /home/joshin/Hybrid Search ETL/hybrid_rag_project/simulation/workspace/install/wheelchair/share/wheelchair//launch/slam.launch.py
-- Symlinking: /home/joshin/Hybrid Search ETL/hybrid_rag_project/simulation/workspace/install/wheelchair/share/wheelchair//meshes/base_link.STL
-- Symlinking: /home/joshin/Hybrid Search ETL/hybrid_rag_project/simulation/workspace/install/wheelchair/share/wheelchair//meshes/front_left_wheel.STL
-- Symlinking: /home/joshin/Hybrid Search ETL/hybrid_rag_project/simulation/workspace/install/wheelchair/share/wheelchair//meshes/front_right_wheel.STL
-- Symlinking: /home/joshin/Hybrid Search ETL/hybrid_rag_project/simulation/workspace/install/wheelchair/share/wheelchair//meshes/left_wheel.STL
-- Symlinking: /home/joshin/Hybrid Search ETL/hybrid_rag_project/simulation/workspace/install/wheelchair/share/wheelchair//meshes/right_wheel.STL
-- Symlinking: /home/joshin/Hybrid Search ETL/hybrid_rag_project/simulation/workspace/install/wheelchair/share/wheelchair//meshes/small_left.STL
-- Symlinking: /home/joshin/Hybrid Search ETL/hybrid_rag_project/simulation/workspace/install/wheelchair/share/wheelchair//meshes/small_right.STL
-- Symlinking: /home/joshin/Hybrid Search ETL/hybrid_rag_project/simulation/workspace/install/wheelchair/share/wheelchair//models/aws_robomaker_warehouse_Bucket_01/.DS_Store
-- Symlinking: /home/joshin/Hybrid Search ETL/hybrid_rag_project/simulation/workspace/install/wheelchair/share/wheelchair//models/aws_robomaker_warehouse_Bucket_01/materials/.DS_Store
-- Symlinking: /home/joshin/Hybrid Search ETL/hybrid_rag_project/simulation/workspace/install/wheelchair/share/wheelchair//models/aws_robomaker_warehouse_Bucket_01/materials/textures/aws_robomaker_warehouse_Bucket_01.png
-- Symlinking: /home/joshin/Hybrid Search ETL/hybrid_rag_project/simulation/workspace/install/wheelchair/share/wheelchair//models/aws_robomaker_warehouse_Bucket_01/meshes/aws_robomaker_warehouse_Bucket_01_collision.DAE
-- Symlinking: /home/joshin/Hybrid Search ETL/hybrid_rag_project/simulation/workspace/install/wheelchair/share/wheelchair//models/aws_robomaker_warehouse_Bucket_01/meshes/aws_robomaker_warehouse_Bucket_01_visual.DAE
-- Symlinking: /home/joshin/Hybrid Search ETL/hybrid_rag_project/simulation/workspace/install/wheelchair/share/wheelchair//models/aws_robomaker_warehouse_Bucket_01/model.config
-- Symlinking: /home/joshin/Hybrid Search ETL/hybrid_rag_project/simulation/workspace/install/wheelchair/share/wheelchair//models/aws_robomaker_warehouse_Bucket_01/model.sdf
-- Symlinking: /home/joshin/Hybrid Search ETL/hybrid_rag_project/simulation/workspace/install/wheelchair/share/wheelchair//models/aws_robomaker_warehouse_ClutteringA_01/.DS_Store
-- Symlinking: /home/joshin/Hybrid Search ETL/hybrid_rag_project/simulation/workspace/install/wheelchair/share/wheelchair//models/aws_robomaker_warehouse_ClutteringA_01/materials/.DS_Store
-- Symlinking: /home/joshin/Hybrid Search ETL/hybrid_rag_project/simulation/workspace/install/wheelchair/share/wheelchair//models/aws_robomaker_warehouse_ClutteringA_01/materials/textures/.DS_Store
-- Symlinking: /home/joshin/Hybrid Search ETL/hybrid_rag_project/simulation/workspace/install/wheelchair/share/wheelchair//models/aws_robomaker_warehouse_ClutteringA_01/materials/textures/aws_robomaker_warehouse_ClutteringA_01.png
-- Symlinking: /home/joshin/Hybrid Search ETL/hybrid_rag_project/simulation/workspace/install/wheelchair/share/wheelchair//models/aws_robomaker_warehouse_ClutteringA_01/materials/textures/aws_robomaker_warehouse_ClutteringA_02.png
-- Symlinking: /home/joshin/Hybrid Search ETL/hybrid_rag_project/simulation/workspace/install/wheelchair/share/wheelchair//models/aws_robomaker_warehouse_ClutteringA_01/materials/textures/aws_robomaker_warehouse_ClutteringA_03.png
-- Symlinking: /home/joshin/Hybrid Search ETL/hybrid_rag_project/simulation/workspace/install/wheelchair/share/wheelchair//models/aws_robomaker_warehouse_ClutteringA_01/meshes/aws_robomaker_warehouse_ClutteringA_01_collision.DAE
-- Symlinking: /home/joshin/Hybrid Search ETL/hybrid_rag_project/simulation/workspace/install/wheelchair/share/wheelchair//models/aws_robomaker_warehouse_ClutteringA_01/meshes/aws_robomaker_warehouse_ClutteringA_01_visual.DAE
-- Symlinking: /home/joshin/Hybrid Search ETL/hybrid_rag_project/simulation/workspace/install/wheelchair/share/wheelchair//models/aws_robomaker_warehouse_ClutteringA_01/model.config
-- Symlinking: /home/joshin/Hybrid Search ETL/hybrid_rag_project/simulation/workspace/install/wheelchair/share/wheelchair//models/aws_robomaker_warehouse_ClutteringA_01/model.sdf
-- Symlinking: /home/joshin/Hybrid Search ETL/hybrid_rag_project/simulation/workspace/install/wheelchair/share/wheelchair//models/aws_robomaker_warehouse_ClutteringC_01/materials/textures/aws_robomaker_warehouse_ClutteringC_01.png
-- Symlinking: /home/joshin/Hybrid Search ETL/hybrid_rag_project/simulation/workspace/install/wheelchair/share/wheelchair//models/aws_robomaker_warehouse_ClutteringC_01/materials/textures/aws_robomaker_warehouse_ClutteringC_02.png
-- Symlinking: /home/joshin/Hybrid Search ETL/hybrid_rag_project/simulation/workspace/install/wheelchair/share/wheelchair//models/aws_robomaker_warehouse_ClutteringC_01/meshes/aws_robomaker_warehouse_ClutteringC_01_collision.DAE
-- Symlinking: /home/joshin/Hybrid Search ETL/hybrid_rag_project/simulation/workspace/install/wheelchair/share/wheelchair//models/aws_robomaker_warehouse_ClutteringC_01/meshes/aws_robomaker_warehouse_ClutteringC_01_visual.DAE
-- Symlinking: /home/joshin/Hybrid Search ETL/hybrid_rag_project/simulation/workspace/install/wheelchair/share/wheelchair//models/aws_robomaker_warehouse_ClutteringC_01/model.config
-- Symlinking: /home/joshin/Hybrid Search ETL/hybrid_rag_project/simulation/workspace/install/wheelchair/share/wheelchair//models/aws_robomaker_warehouse_ClutteringC_01/model.sdf
-- Symlinking: /home/joshin/Hybrid Search ETL/hybrid_rag_project/simulation/workspace/install/wheelchair/share/wheelchair//models/aws_robomaker_warehouse_ClutteringD_01/materials/textures/aws_robomaker_warehouse_ClutteringD_01.png
-- Symlinking: /home/joshin/Hybrid Search ETL/hybrid_rag_project/simulation/workspace/install/wheelchair/share/wheelchair//models/aws_robomaker_warehouse_ClutteringD_01/materials/textures/aws_robomaker_warehouse_ClutteringD_02.png
-- Symlinking: /home/joshin/Hybrid Search ETL/hybrid_rag_project/simulation/workspace/install/wheelchair/share/wheelchair//models/aws_robomaker_warehouse_ClutteringD_01/meshes/aws_robomaker_warehouse_ClutteringD_01_collision.DAE
-- Symlinking: /home/joshin/Hybrid Search ETL/hybrid_rag_project/simulation/workspace/install/wheelchair/share/wheelchair//models/aws_robomaker_warehouse_ClutteringD_01/meshes/aws_robomaker_warehouse_ClutteringD_01_visual.DAE
-- Symlinking: /home/joshin/Hybrid Search ETL/hybrid_rag_project/simulation/workspace/install/wheelchair/share/wheelchair//models/aws_robomaker_warehouse_ClutteringD_01/model.config
-- Symlinking: /home/joshin/Hybrid Search ETL/hybrid_rag_project/simulation/workspace/install/wheelchair/share/wheelchair//models/aws_robomaker_warehouse_ClutteringD_01/model.sdf
-- Symlinking: /home/joshin/Hybrid Search ETL/hybrid_rag_project/simulation/workspace/install/wheelchair/share/wheelchair//models/aws_robomaker_warehouse_DeskC_01/materials/.DS_Store
-- Symlinking: /home/joshin/Hybrid Search ETL/hybrid_rag_project/simulation/workspace/install/wheelchair/share/wheelchair//models/aws_robomaker_warehouse_DeskC_01/materials/textures/aws_robomaker_warehouse_DeskC_01.png
-- Symlinking: /home/joshin/Hybrid Search ETL/hybrid_rag_project/simulation/workspace/install/wheelchair/share/wheelchair//models/aws_robomaker_warehouse_DeskC_01/materials/textures/aws_robomaker_warehouse_DeskC_02.png
-- Symlinking: /home/joshin/Hybrid Search ETL/hybrid_rag_project/simulation/workspace/install/wheelchair/share/wheelchair//models/aws_robomaker_warehouse_DeskC_01/materials/textures/aws_robomaker_warehouse_DeskC_03.png
-- Symlinking: /home/joshin/Hybrid Search ETL/hybrid_rag_project/simulation/workspace/install/wheelchair/share/wheelchair//models/aws_robomaker_warehouse_DeskC_01/materials/textures/aws_robomaker_warehouse_DeskC_03.psd
-- Symlinking: /home/joshin/Hybrid Search ETL/hybrid_rag_project/simulation/workspace/install/wheelchair/share/wheelchair//models/aws_robomaker_warehouse_DeskC_01/materials/textures/aws_robomaker_warehouse_DeskC_04.png
-- Symlinking: /home/joshin/Hybrid Search ETL/hybrid_rag_project/simulation/workspace/install/wheelchair/share/wheelchair//models/aws_robomaker_warehouse_DeskC_01/meshes/aws_robomaker_warehouse_DeskC_01_collision.DAE
-- Symlinking: /home/joshin/Hybrid Search ETL/hybrid_rag_project/simulation/workspace/install/wheelchair/share/wheelchair//models/aws_robomaker_warehouse_DeskC_01/meshes/aws_robomaker_warehouse_DeskC_01_visual.DAE
-- Symlinking: /home/joshin/Hybrid Search ETL/hybrid_rag_project/simulation/workspace/install/wheelchair/share/wheelchair//models/aws_robomaker_warehouse_DeskC_01/model.config
-- Symlinking: /home/joshin/Hybrid Search ETL/hybrid_rag_project/simulation/workspace/install/wheelchair/share/wheelchair//models/aws_robomaker_warehouse_DeskC_01/model.sdf
-- Symlinking: /home/joshin/Hybrid Search ETL/hybrid_rag_project/simulation/workspace/install/wheelchair/share/wheelchair//models/aws_robomaker_warehouse_GroundB_01/materials/textures/aws_robomaker_warehouse_GroundB_01.png
-- Symlinking: /home/joshin/Hybrid Search ETL/hybrid_rag_project/simulation/workspace/install/wheelchair/share/wheelchair//models/aws_robomaker_warehouse_GroundB_01/materials/textures/aws_robomaker_warehouse_GroundB_02.png
-- Symlinking: /home/joshin/Hybrid Search ETL/hybrid_rag_project/simulation/workspace/install/wheelchair/share/wheelchair//models/aws_robomaker_warehouse_GroundB_01/meshes/aws_robomaker_warehouse_GroundB_01_collision.DAE
-- Symlinking: /home/joshin/Hybrid Search ETL/hybrid_rag_project/simulation/workspace/install/wheelchair/share/wheelchair//models/aws_robomaker_warehouse_GroundB_01/meshes/aws_robomaker_warehouse_GroundB_01_visual.DAE
-- Symlinking: /home/joshin/Hybrid Search ETL/hybrid_rag_project/simulation/workspace/install/wheelchair/share/wheelchair//models/aws_robomaker_warehouse_GroundB_01/model.config
-- Symlinking: /home/joshin/Hybrid Search ETL/hybrid_rag_project/simulation/workspace/install/wheelchair/share/wheelchair//models/aws_robomaker_warehouse_GroundB_01/model.sdf
-- Symlinking: /home/joshin/Hybrid Search ETL/hybrid_rag_project/simulation/workspace/install/wheelchair/share/wheelchair//models/aws_robomaker_warehouse_Lamp_01/materials/textures/aws_robomaker_warehouse_Lamp_01.png
-- Symlinking: /home/joshin/Hybrid Search ETL/hybrid_rag_project/simulation/workspace/install/wheelchair/share/wheelchair//models/aws_robomaker_warehouse_Lamp_01/meshes/aws_robomaker_warehouse_Lamp_01_collision.DAE
-- Symlinking: /home/joshin/Hybrid Search ETL/hybrid_rag_project/simulation/workspace/install/wheelchair/share/wheelchair//models/aws_robomaker_warehouse_Lamp_01/meshes/aws_robomaker_warehouse_Lamp_01_visual.DAE
-- Symlinking: /home/joshin/Hybrid Search ETL/hybrid_rag_project/simulation/workspace/install/wheelchair/share/wheelchair//models/aws_robomaker_warehouse_Lamp_01/model.config
-- Symlinking: /home/joshin/Hybrid Search ETL/hybrid_rag_project/simulation/workspace/install/wheelchair/share/wheelchair//models/aws_robomaker_warehouse_Lamp_01/model.sdf
-- Symlinking: /home/joshin/Hybrid Search ETL/hybrid_rag_project/simulation/workspace/install/wheelchair/share/wheelchair//models/aws_robomaker_warehouse_PalletJackB_01/.DS_Store
-- Symlinking: /home/joshin/Hybrid Search ETL/hybrid_rag_project/simulation/workspace/install/wheelchair/share/wheelchair//models/aws_robomaker_warehouse_PalletJackB_01/materials/.DS_Store
-- Symlinking: /home/joshin/Hybrid Search ETL/hybrid_rag_project/simulation/workspace/install/wheelchair/share/wheelchair//models/aws_robomaker_warehouse_PalletJackB_01/materials/textures/aws_robomaker_warehouse_PalletJackB_01.png
-- Symlinking: /home/joshin/Hybrid Search ETL/hybrid_rag_project/simulation/workspace/install/wheelchair/share/wheelchair//models/aws_robomaker_warehouse_PalletJackB_01/materials/textures/aws_robomaker_warehouse_PalletJackB_02.png
-- Symlinking: /home/joshin/Hybrid Search ETL/hybrid_rag_project/simulation/workspace/install/wheelchair/share/wheelchair//models/aws_robomaker_warehouse_PalletJackB_01/meshes/aws_robomaker_warehouse_PalletJackB_01_collision.DAE
-- Symlinking: /home/joshin/Hybrid Search ETL/hybrid_rag_project/simulation/workspace/install/wheelchair/share/wheelchair//models/aws_robomaker_warehouse_PalletJackB_01/meshes/aws_robomaker_warehouse_PalletJackB_01_visual.DAE
-- Symlinking: /home/joshin/Hybrid Search ETL/hybrid_rag_project/simulation/workspace/install/wheelchair/share/wheelchair//models/aws_robomaker_warehouse_PalletJackB_01/model.config
-- Symlinking: /home/joshin/Hybrid Search ETL/hybrid_rag_project/simulation/workspace/install/wheelchair/share/wheelchair//models/aws_robomaker_warehouse_PalletJackB_01/model.sdf
-- Symlinking: /home/joshin/Hybrid Search ETL/hybrid_rag_project/simulation/workspace/install/wheelchair/share/wheelchair//models/aws_robomaker_warehouse_RoofB_01/materials/textures/aws_robomaker_warehouse_RoofB_01.png
-- Symlinking: /home/joshin/Hybrid Search ETL/hybrid_rag_project/simulation/workspace/install/wheelchair/share/wheelchair//models/aws_robomaker_warehouse_RoofB_01/meshes/aws_robomaker_warehouse_RoofB_01_collision.DAE
-- Symlinking: /home/joshin/Hybrid Search ETL/hybrid_rag_project/simulation/workspace/install/wheelchair/share/wheelchair//models/aws_robomaker_warehouse_RoofB_01/meshes/aws_robomaker_warehouse_RoofB_01_visual.DAE
-- Symlinking: /home/joshin/Hybrid Search ETL/hybrid_rag_project/simulation/workspace/install/wheelchair/share/wheelchair//models/aws_robomaker_warehouse_RoofB_01/model.config
-- Symlinking: /home/joshin/Hybrid Search ETL/hybrid_rag_project/simulation/workspace/install/wheelchair/share/wheelchair//models/aws_robomaker_warehouse_RoofB_01/model.sdf
-- Symlinking: /home/joshin/Hybrid Search ETL/hybrid_rag_project/simulation/workspace/install/wheelchair/share/wheelchair//models/aws_robomaker_warehouse_ShelfD_01/materials/textures/aws_robomaker_warehouse_ShelfD_01.png
-- Symlinking: /home/joshin/Hybrid Search ETL/hybrid_rag_project/simulation/workspace/install/wheelchair/share/wheelchair//models/aws_robomaker_warehouse_ShelfD_01/materials/textures/aws_robomaker_warehouse_ShelfD_02.png
-- Symlinking: /home/joshin/Hybrid Search ETL/hybrid_rag_project/simulation/workspace/install/wheelchair/share/wheelchair//models/aws_robomaker_warehouse_ShelfD_01/materials/textures/aws_robomaker_warehouse_ShelfD_03.png
-- Symlinking: /home/joshin/Hybrid Search ETL/hybrid_rag_project/simulation/workspace/install/wheelchair/share/wheelchair//models/aws_robomaker_warehouse_ShelfD_01/materials/textures/aws_robomaker_warehouse_ShelfD_04.png
-- Symlinking: /home/joshin/Hybrid Search ETL/hybrid_rag_project/simulation/workspace/install/wheelchair/share/wheelchair//models/aws_robomaker_warehouse_ShelfD_01/meshes/aws_robomaker_warehouse_ShelfD_01_collision.DAE
-- Symlinking: /home/joshin/Hybrid Search ETL/hybrid_rag_project/simulation/workspace/install/wheelchair/share/wheelchair//models/aws_robomaker_warehouse_ShelfD_01/meshes/aws_robomaker_warehouse_ShelfD_01_visual.DAE
-- Symlinking: /home/joshin/Hybrid Search ETL/hybrid_rag_project/simulation/workspace/install/wheelchair/share/wheelchair//models/aws_robomaker_warehouse_ShelfD_01/model.config
-- Symlinking: /home/joshin/Hybrid Search ETL/hybrid_rag_project/simulation/workspace/install/wheelchair/share/wheelchair//models/aws_robomaker_warehouse_ShelfD_01/model.sdf
-- Symlinking: /home/joshin/Hybrid Search ETL/hybrid_rag_project/simulation/workspace/install/wheelchair/share/wheelchair//models/aws_robomaker_warehouse_ShelfE_01/.DS_Store
-- Symlinking: /home/joshin/Hybrid Search ETL/hybrid_rag_project/simulation/workspace/install/wheelchair/share/wheelchair//models/aws_robomaker_warehouse_ShelfE_01/materials/.DS_Store
-- Symlinking: /home/joshin/Hybrid Search ETL/hybrid_rag_project/simulation/workspace/install/wheelchair/share/wheelchair//models/aws_robomaker_warehouse_ShelfE_01/materials/textures/aws_robomaker_warehouse_ShelfE_01.png
-- Symlinking: /home/joshin/Hybrid Search ETL/hybrid_rag_project/simulation/workspace/install/wheelchair/share/wheelchair//models/aws_robomaker_warehouse_ShelfE_01/materials/textures/aws_robomaker_warehouse_ShelfE_02.png
-- Symlinking: /home/joshin/Hybrid Search ETL/hybrid_rag_project/simulation/workspace/install/wheelchair/share/wheelchair//models/aws_robomaker_warehouse_ShelfE_01/materials/textures/aws_robomaker_warehouse_ShelfE_03.png
-- Symlinking: /home/joshin/Hybrid Search ETL/hybrid_rag_project/simulation/workspace/install/wheelchair/share/wheelchair//models/aws_robomaker_warehouse_ShelfE_01/materials/textures/aws_robomaker_warehouse_ShelfE_04.png
-- Symlinking: /home/joshin/Hybrid Search ETL/hybrid_rag_project/simulation/workspace/install/wheelchair/share/wheelchair//models/aws_robomaker_warehouse_ShelfE_01/meshes/aws_robomaker_warehouse_ShelfE_01_collision.DAE
-- Symlinking: /home/joshin/Hybrid Search ETL/hybrid_rag_project/simulation/workspace/install/wheelchair/share/wheelchair//models/aws_robomaker_warehouse_ShelfE_01/meshes/aws_robomaker_warehouse_ShelfE_01_visual.DAE
-- Symlinking: /home/joshin/Hybrid Search ETL/hybrid_rag_project/simulation/workspace/install/wheelchair/share/wheelchair//models/aws_robomaker_warehouse_ShelfE_01/model.config
-- Symlinking: /home/joshin/Hybrid Search ETL/hybrid_rag_project/simulation/workspace/install/wheelchair/share/wheelchair//models/aws_robomaker_warehouse_ShelfE_01/model.sdf
-- Symlinking: /home/joshin/Hybrid Search ETL/hybrid_rag_project/simulation/workspace/install/wheelchair/share/wheelchair//models/aws_robomaker_warehouse_ShelfF_01/materials/textures/aws_robomaker_warehouse_ShelfF_01.png
-- Symlinking: /home/joshin/Hybrid Search ETL/hybrid_rag_project/simulation/workspace/install/wheelchair/share/wheelchair//models/aws_robomaker_warehouse_ShelfF_01/materials/textures/aws_robomaker_warehouse_ShelfF_02.png
-- Symlinking: /home/joshin/Hybrid Search ETL/hybrid_rag_project/simulation/workspace/install/wheelchair/share/wheelchair//models/aws_robomaker_warehouse_ShelfF_01/materials/textures/aws_robomaker_warehouse_ShelfF_03.png
-- Symlinking: /home/joshin/Hybrid Search ETL/hybrid_rag_project/simulation/workspace/install/wheelchair/share/wheelchair//models/aws_robomaker_warehouse_ShelfF_01/meshes/aws_robomaker_warehouse_ShelfF_01_collision.DAE
-- Symlinking: /home/joshin/Hybrid Search ETL/hybrid_rag_project/simulation/workspace/install/wheelchair/share/wheelchair//models/aws_robomaker_warehouse_ShelfF_01/meshes/aws_robomaker_warehouse_ShelfF_01_visual.DAE
-- Symlinking: /home/joshin/Hybrid Search ETL/hybrid_rag_project/simulation/workspace/install/wheelchair/share/wheelchair//models/aws_robomaker_warehouse_ShelfF_01/model.config
-- Symlinking: /home/joshin/Hybrid Search ETL/hybrid_rag_project/simulation/workspace/install/wheelchair/share/wheelchair//models/aws_robomaker_warehouse_ShelfF_01/model.sdf
-- Symlinking: /home/joshin/Hybrid Search ETL/hybrid_rag_project/simulation/workspace/install/wheelchair/share/wheelchair//models/aws_robomaker_warehouse_TrashCanC_01/materials/textures/aws_robomaker_warehouse_TrashCanC_01.png
-- Symlinking: /home/joshin/Hybrid Search ETL/hybrid_rag_project/simulation/workspace/install/wheelchair/share/wheelchair//models/aws_robomaker_warehouse_TrashCanC_01/meshes/aws_robomaker_warehouse_TrashCanC_01_collision.DAE
-- Symlinking: /home/joshin/Hybrid Search ETL/hybrid_rag_project/simulation/workspace/install/wheelchair/share/wheelchair//models/aws_robomaker_warehouse_TrashCanC_01/meshes/aws_robomaker_warehouse_TrashCanC_01_visual.DAE
-- Symlinking: /home/joshin/Hybrid Search ETL/hybrid_rag_project/simulation/workspace/install/wheelchair/share/wheelchair//models/aws_robomaker_warehouse_TrashCanC_01/model.config
-- Symlinking: /home/joshin/Hybrid Search ETL/hybrid_rag_project/simulation/workspace/install/wheelchair/share/wheelchair//models/aws_robomaker_warehouse_TrashCanC_01/model.sdf
-- Symlinking: /home/joshin/Hybrid Search ETL/hybrid_rag_project/simulation/workspace/install/wheelchair/share/wheelchair//models/aws_robomaker_warehouse_WallB_01/materials/textures/aws_robomaker_warehouse_WallB_01.png
-- Symlinking: /home/joshin/Hybrid Search ETL/hybrid_rag_project/simulation/workspace/install/wheelchair/share/wheelchair//models/aws_robomaker_warehouse_WallB_01/meshes/aws_robomaker_warehouse_WallB_01_collision.DAE
-- Symlinking: /home/joshin/Hybrid Search ETL/hybrid_rag_project/simulation/workspace/install/wheelchair/share/wheelchair//models/aws_robomaker_warehouse_WallB_01/meshes/aws_robomaker_warehouse_WallB_01_visual.DAE
-- Symlinking: /home/joshin/Hybrid Search ETL/hybrid_rag_project/simulation/workspace/install/wheelchair/share/wheelchair//models/aws_robomaker_warehouse_WallB_01/model.config
-- Symlinking: /home/joshin/Hybrid Search ETL/hybrid_rag_project/simulation/workspace/install/wheelchair/share/wheelchair//models/aws_robomaker_warehouse_WallB_01/model.sdf
-- Symlinking: /home/joshin/Hybrid Search ETL/hybrid_rag_project/simulation/workspace/install/wheelchair/share/wheelchair//urdf/diff_robot.urdf
-- Symlinking: /home/joshin/Hybrid Search ETL/hybrid_rag_project/simulation/workspace/install/wheelchair/share/wheelchair//urdf/ign_robot.urdf
-- Symlinking: /home/joshin/Hybrid Search ETL/hybrid_rag_project/simulation/workspace/install/wheelchair/share/wheelchair//urdf/rviz.rviz
-- Symlinking: /home/joshin/Hybrid Search ETL/hybrid_rag_project/simulation/workspace/install/wheelchair/share/wheelchair//urdf/turtlebot3_navigation.rviz
-- Symlinking: /home/joshin/Hybrid Search ETL/hybrid_rag_project/simulation/workspace/install/wheelchair/share/wheelchair//urdf/urdf_config.rviz
-- Symlinking: /home/joshin/Hybrid Search ETL/hybrid_rag_project/simulation/workspace/install/wheelchair/share/wheelchair//urdf/zaaaa.xml
-- Symlinking: /home/joshin/Hybrid Search ETL/hybrid_rag_project/simulation/workspace/install/wheelchair/share/wheelchair//worlds/maze.sdf
-- Symlinking: /home/joshin/Hybrid Search ETL/hybrid_rag_project/simulation/workspace/install/wheelchair/share/wheelchair//worlds/maze_backup.sdf
-- Symlinking: /home/joshin/Hybrid Search ETL/hybrid_rag_project/simulation/workspace/install/wheelchair/share/wheelchair//maps/my_map.pgm
-- Symlinking: /home/joshin/Hybrid Search ETL/hybrid_rag_project/simulation/workspace/install/wheelchair/share/wheelchair//maps/my_map.yaml
-- Symlinking: /home/joshin/Hybrid Search ETL/hybrid_rag_project/simulation/workspace/install/wheelchair/share/wheelchair/config/bridge.yaml
-- Symlinking: /home/joshin/Hybrid Search ETL/hybrid_rag_project/simulation/workspace/install/wheelchair/share/wheelchair/config/ekf.yaml
-- Symlinking: /home/joshin/Hybrid Search ETL/hybrid_rag_project/simulation/workspace/install/wheelchair/share/wheelchair/config/frames_2025-12-14_19.48.29.gv
-- Symlinking: /home/joshin/Hybrid Search ETL/hybrid_rag_project/simulation/workspace/install/wheelchair/share/wheelchair/config/frames_2025-12-14_19.48.29.pdf
-- Symlinking: /home/joshin/Hybrid Search ETL/hybrid_rag_project/simulation/workspace/install/wheelchair/share/wheelchair/config/nav2_params.yaml
-- Symlinking: /home/joshin/Hybrid Search ETL/hybrid_rag_project/simulation/workspace/install/wheelchair/share/wheelchair/config/slam_toolbox_params.yaml
-- Symlinking: /home/joshin/Hybrid Search ETL/hybrid_rag_project/simulation/workspace/install/wheelchair/lib/wheelchair/keyboard_map_saver.py
-- Symlinking: /home/joshin/Hybrid Search ETL/hybrid_rag_project/simulation/workspace/install/wheelchair/share/ament_index/resource_index/package_run_dependencies/wheelchair
-- Symlinking: /home/joshin/Hybrid Search ETL/hybrid_rag_project/simulation/workspace/install/wheelchair/share/ament_index/resource_index/parent_prefix_path/wheelchair
-- Symlinking: /home/joshin/Hybrid Search ETL/hybrid_rag_project/simulation/workspace/install/wheelchair/share/wheelchair/environment/ament_prefix_path.sh
-- Symlinking: /home/joshin/Hybrid Search ETL/hybrid_rag_project/simulation/workspace/install/wheelchair/share/wheelchair/environment/ament_prefix_path.dsv
-- Symlinking: /home/joshin/Hybrid Search ETL/hybrid_rag_project/simulation/workspace/install/wheelchair/share/wheelchair/environment/path.sh
-- Symlinking: /home/joshin/Hybrid Search ETL/hybrid_rag_project/simulation/workspace/install/wheelchair/share/wheelchair/environment/path.dsv
-- Symlinking: /home/joshin/Hybrid Search ETL/hybrid_rag_project/simulation/workspace/install/wheelchair/share/wheelchair/local_setup.bash
-- Symlinking: /home/joshin/Hybrid Search ETL/hybrid_rag_project/simulation/workspace/install/wheelchair/share/wheelchair/local_setup.sh
-- Symlinking: /home/joshin/Hybrid Search ETL/hybrid_rag_project/simulation/workspace/install/wheelchair/share/wheelchair/local_setup.zsh
-- Symlinking: /home/joshin/Hybrid Search ETL/hybrid_rag_project/simulation/workspace/install/wheelchair/share/wheelchair/local_setup.dsv
-- Symlinking: /home/joshin/Hybrid Search ETL/hybrid_rag_project/simulation/workspace/install/wheelchair/share/wheelchair/package.dsv
-- Symlinking: /home/joshin/Hybrid Search ETL/hybrid_rag_project/simulation/workspace/install/wheelchair/share/ament_index/resource_index/packages/wheelchair
-- Symlinking: /home/joshin/Hybrid Search ETL/hybrid_rag_project/simulation/workspace/install/wheelchair/share/wheelchair/cmake/wheelchairConfig.cmake
-- Symlinking: /home/joshin/Hybrid Search ETL/hybrid_rag_project/simulation/workspace/install/wheelchair/share/wheelchair/cmake/wheelchairConfig-version.cmake
-- Symlinking: /home/joshin/Hybrid Search ETL/hybrid_rag_project/simulation/workspace/install/wheelchair/share/wheelchair/package.xml
