[0.007s] Invoking command in '/home/joshin/Hybrid Search ETL/hybrid_rag_project/simulation/workspace/build/wheelchair': CMAKE_PREFIX_PATH=/opt/ros/humble VIRTUAL_ENV_PROMPT=(venv) /usr/bin/cmake /home/joshin/Hybrid Search ETL/hybrid_rag_project/simulation/workspace/src/wheelchair -DAMENT_CMAKE_SYMLINK_INSTALL=1 -DCMAKE_INSTALL_PREFIX=/home/joshin/Hybrid Search ETL/hybrid_rag_project/simulation/workspace/install/wheelchair
[0.050s] -- The C compiler identification is GNU 11.4.0
[0.087s] -- The CXX compiler identification is GNU 11.4.0
[0.092s] -- Detecting C compiler ABI info
[0.150s] -- Detecting C compiler ABI info - done
[0.153s] -- Check for working C compiler: /usr/bin/cc - skipped
[0.154s] -- Detecting C compile features
[0.154s] -- Detecting C compile features - done
[0.155s] -- Detecting CXX compiler ABI info
[0.215s] -- Detecting CXX compiler ABI info - done
[0.219s] -- Check for working CXX compiler: /usr/bin/c++ - skipped
[0.219s] -- Detecting CXX compile features
[0.219s] -- Detecting CXX compile features - done
[0.221s] -- Found ament_cmake: 1.3.12 (/opt/ros/humble/share/ament_cmake/cmake)
[0.314s] -- Found Python3: /usr/bin/python3 (found version "3.10.12") found components: Interpreter 
[0.351s] -- Override CMake install command with custom implementation using symlinks instead of copying resources
[0.369s] -- Found gazebo_ros: 3.9.0 (/opt/ros/humble/share/gazebo_ros/cmake)
[0.396s] -- Found rosidl_generator_c: 3.1.8 (/opt/ros/humble/share/rosidl_generator_c/cmake)
[0.398s] -- Found rosidl_adapter: 3.1.8 (/opt/ros/humble/share/rosidl_adapter/cmake)
[0.403s] -- Found rosidl_generator_cpp: 3.1.8 (/opt/ros/humble/share/rosidl_generator_cpp/cmake)
[0.412s] -- Using all available rosidl_typesupport_c: rosidl_typesupport_fastrtps_c;rosidl_typesupport_introspection_c
[0.421s] -- Using all available rosidl_typesupport_cpp: rosidl_typesupport_fastrtps_cpp;rosidl_typesupport_introspection_cpp
[0.446s] -- Found rmw_implementation_cmake: 6.1.2 (/opt/ros/humble/share/rmw_implementation_cmake/cmake)
[0.448s] -- Found rmw_fastrtps_cpp: 6.2.9 (/opt/ros/humble/share/rmw_fastrtps_cpp/cmake)
[0.519s] -- Found OpenSSL: /usr/lib/x86_64-linux-gnu/libcrypto.so (found version "3.0.2")  
[0.540s] -- Found FastRTPS: /opt/ros/humble/include  
[0.570s] -- Using RMW implementation 'rmw_fastrtps_cpp' as default
[0.575s] -- Looking for pthread.h
[0.638s] -- Looking for pthread.h - found
[0.638s] -- Performing Test CMAKE_HAVE_LIBC_PTHREAD
[0.698s] -- Performing Test CMAKE_HAVE_LIBC_PTHREAD - Success
[0.699s] -- Found Threads: TRUE  
[0.735s] -- Found PkgConfig: /usr/bin/pkg-config (found version "0.29.2") 
[0.736s] -- Checking for module 'bullet>=2.82'
[0.747s] --   Found bullet, version 3.05
[0.839s] -- Found fcl: /usr/include (found suitable version "0.7.0", minimum required is "0.5.0") 
[0.885s] -- Found assimp: /usr/include (found version "5.2.0") 
[0.897s] -- Found DART: /usr/include (Required is at least version "6.6") found components: dart 
[0.917s] -- Found Boost: /usr/lib/x86_64-linux-gnu/cmake/Boost-1.74.0/BoostConfig.cmake (found suitable version "1.74.0", minimum required is "1.40.0") found components: thread system filesystem program_options regex iostreams date_time 
[0.928s] -- Found Protobuf: /usr/lib/x86_64-linux-gnu/libprotobuf.so (found version "3.12.4") 
[0.931s] -- Looking for ignition-math6 -- found version 6.15.1
[0.934s] -- Searching for dependencies of ignition-math6
[0.935s] -- Looking for OGRE...
[0.935s] -- OGRE_PREFIX_WATCH changed.
[0.940s] -- Checking for module 'OGRE'
[0.951s] --   Found OGRE, version 1.9.0
[0.981s] -- Found Ogre Ghadamon (1.9.0)
[0.985s] -- Found OGRE: optimized;/usr/lib/x86_64-linux-gnu/libOgreMain.so;debug;/usr/lib/x86_64-linux-gnu/libOgreMain.so
[0.991s] -- Looking for OGRE_Paging...
[0.993s] -- Found OGRE_Paging: optimized;/usr/lib/x86_64-linux-gnu/libOgrePaging.so;debug;/usr/lib/x86_64-linux-gnu/libOgrePaging.so
[0.993s] -- Looking for OGRE_Terrain...
[0.996s] -- Found OGRE_Terrain: optimized;/usr/lib/x86_64-linux-gnu/libOgreTerrain.so;debug;/usr/lib/x86_64-linux-gnu/libOgreTerrain.so
[0.996s] -- Looking for OGRE_Property...
[0.999s] -- Found OGRE_Property: optimized;/usr/lib/x86_64-linux-gnu/libOgreProperty.so;debug;/usr/lib/x86_64-linux-gnu/libOgreProperty.so
[0.999s] -- Looking for OGRE_RTShaderSystem...
[1.002s] -- Found OGRE_RTShaderSystem: optimized;/usr/lib/x86_64-linux-gnu/libOgreRTShaderSystem.so;debug;/usr/lib/x86_64-linux-gnu/libOgreRTShaderSystem.so
[1.002s] -- Looking for OGRE_Volume...
[1.004s] -- Found OGRE_Volume: optimized;/usr/lib/x86_64-linux-gnu/libOgreVolume.so;debug;/usr/lib/x86_64-linux-gnu/libOgreVolume.so
[1.004s] -- Looking for OGRE_Overlay...
[1.007s] -- Found OGRE_Overlay: optimized;/usr/lib/x86_64-linux-gnu/libOgreOverlay.so;debug;/usr/lib/x86_64-linux-gnu/libOgreOverlay.so
[1.070s] -- Looking for ignition-math6 -- found version 6.15.1
[1.072s] -- Looking for ignition-transport8 -- found version 8.2.1
[1.072s] -- Searching for dependencies of ignition-transport8
[1.086s] -- Found Protobuf: /usr/lib/x86_64-linux-gnu/libprotobuf.so (found suitable version "3.12.4", minimum required is "3") 
[1.094s] -- Config-file not installed for ZeroMQ -- checking for pkg-config
[1.098s] -- Checking for module 'libzmq >= 4'
[1.110s] --   Found libzmq , version 4.3.4
[1.147s] -- Found ZeroMQ: TRUE (Required is at least version "4") 
[1.151s] -- Checking for module 'uuid'
[1.162s] --   Found uuid, version 2.37.2
[1.193s] -- Found UUID: TRUE  
[1.194s] -- Looking for ignition-msgs5 -- found version 5.8.1
[1.195s] -- Searching for dependencies of ignition-msgs5
[1.211s] -- Looking for ignition-math6 -- found version 6.15.1
[1.217s] -- Checking for module 'tinyxml2'
[1.228s] --   Found tinyxml2, version 9.0.0
[1.258s] -- Looking for ignition-msgs5 -- found version 5.8.1
[1.259s] -- Looking for ignition-common3 -- found version 3.14.0
[1.260s] -- Searching for dependencies of ignition-common3
[1.260s] -- Looking for dlfcn.h - found
[1.261s] -- Looking for libdl - found
[1.262s] -- Found DL: TRUE  
[1.274s] -- Found tinyobjloader: /usr/lib/x86_64-linux-gnu/cmake/tinyobjloader/tinyobjloader-config.cmake (found version "2.0.0") 
[1.274s] -- Searching for <ignition-common3> component [graphics]
[1.276s] -- Looking for ignition-common3-graphics -- found version 3.14.0
[1.276s] -- Searching for dependencies of ignition-common3-graphics
[1.276s] -- Looking for ignition-math6 -- found version 6.15.1
[1.278s] -- Looking for ignition-fuel_tools4 -- found version 4.4.0
[1.278s] -- Searching for dependencies of ignition-fuel_tools4
[1.346s] -- Found CURL: /usr/lib/x86_64-linux-gnu/libcurl.so (found version "7.81.0")  
[1.353s] -- Checking for module 'jsoncpp'
[1.364s] --   Found jsoncpp, version 1.9.5
[1.393s] -- Found JSONCPP: TRUE  
[1.397s] -- Checking for module 'libzip'
[1.409s] --   Found libzip, version 1.7.3
[1.441s] -- Found ZIP: TRUE  
[1.441s] -- Looking for ignition-common3 -- found version 3.14.0
[1.441s] -- Looking for ignition-math6 -- found version 6.15.1
[1.441s] -- Looking for ignition-msgs5 -- found version 5.8.1
[1.443s] -- Gazebo version: 11.10
[1.444s] -- Checking for module 'tbb'
[1.455s] --   Found tbb, version 2021.5.0
[1.491s] -- Found gazebo_ros_pkgs: 3.9.0 (/opt/ros/humble/share/gazebo_ros_pkgs/cmake)
[1.492s] -- Found ament_lint_auto: 0.12.14 (/opt/ros/humble/share/ament_lint_auto/cmake)
[1.550s] -- Added test 'flake8' to check Python code syntax and style conventions
[1.553s] -- Added test 'lint_cmake' to check CMake code style
[1.554s] -- Added test 'pep257' to check Python code against some of the docstring style conventions in PEP 257
[1.564s] -- Added test 'xmllint' to check XML markup files
[1.565s] -- Configuring done
[1.569s] -- Generating done
[1.571s] -- Build files have been written to: /home/joshin/Hybrid Search ETL/hybrid_rag_project/simulation/workspace/build/wheelchair
[1.581s] Invoked command in '/home/joshin/Hybrid Search ETL/hybrid_rag_project/simulation/workspace/build/wheelchair' returned '0': CMAKE_PREFIX_PATH=/opt/ros/humble VIRTUAL_ENV_PROMPT=(venv) /usr/bin/cmake /home/joshin/Hybrid Search ETL/hybrid_rag_project/simulation/workspace/src/wheelchair -DAMENT_CMAKE_SYMLINK_INSTALL=1 -DCMAKE_INSTALL_PREFIX=/home/joshin/Hybrid Search ETL/hybrid_rag_project/simulation/workspace/install/wheelchair
[1.581s] Invoking command in '/home/joshin/Hybrid Search ETL/hybrid_rag_project/simulation/workspace/build/wheelchair': CMAKE_PREFIX_PATH=/opt/ros/humble VIRTUAL_ENV_PROMPT=(venv) /usr/bin/cmake --build /home/joshin/Hybrid Search ETL/hybrid_rag_project/simulation/workspace/build/wheelchair -- -j16 -l16
[1.620s] Invoked command in '/home/joshin/Hybrid Search ETL/hybrid_rag_project/simulation/workspace/build/wheelchair' returned '0': CMAKE_PREFIX_PATH=/opt/ros/humble VIRTUAL_ENV_PROMPT=(venv) /usr/bin/cmake --build /home/joshin/Hybrid Search ETL/hybrid_rag_project/simulation/workspace/build/wheelchair -- -j16 -l16
[1.628s] Invoking command in '/home/joshin/Hybrid Search ETL/hybrid_rag_project/simulation/workspace/build/wheelchair': CMAKE_PREFIX_PATH=/opt/ros/humble VIRTUAL_ENV_PROMPT=(venv) /usr/bin/cmake --install /home/joshin/Hybrid Search ETL/hybrid_rag_project/simulation/workspace/build/wheelchair
[1.634s] -- Install configuration: ""
[1.635s] -- Execute custom install script
[1.635s] -- Symlinking: /home/joshin/Hybrid Search ETL/hybrid_rag_project/simulation/workspace/install/wheelchair/share/wheelchair//launch/ign_launch.py
[1.642s] -- Symlinking: /home/joshin/Hybrid Search ETL/hybrid_rag_project/simulation/workspace/install/wheelchair/share/wheelchair//launch/launch.py
[1.649s] -- Symlinking: /home/joshin/Hybrid Search ETL/hybrid_rag_project/simulation/workspace/install/wheelchair/share/wheelchair//launch/navigation.launch.py
[1.655s] -- Symlinking: /home/joshin/Hybrid Search ETL/hybrid_rag_project/simulation/workspace/install/wheelchair/share/wheelchair//launch/slam.launch.py
[1.662s] -- Symlinking: /home/joshin/Hybrid Search ETL/hybrid_rag_project/simulation/workspace/install/wheelchair/share/wheelchair//meshes/base_link.STL
[1.669s] -- Symlinking: /home/joshin/Hybrid Search ETL/hybrid_rag_project/simulation/workspace/install/wheelchair/share/wheelchair//meshes/front_left_wheel.STL
[1.675s] -- Symlinking: /home/joshin/Hybrid Search ETL/hybrid_rag_project/simulation/workspace/install/wheelchair/share/wheelchair//meshes/front_right_wheel.STL
[1.683s] -- Symlinking: /home/joshin/Hybrid Search ETL/hybrid_rag_project/simulation/workspace/install/wheelchair/share/wheelchair//meshes/left_wheel.STL
[1.691s] -- Symlinking: /home/joshin/Hybrid Search ETL/hybrid_rag_project/simulation/workspace/install/wheelchair/share/wheelchair//meshes/right_wheel.STL
[1.699s] -- Symlinking: /home/joshin/Hybrid Search ETL/hybrid_rag_project/simulation/workspace/install/wheelchair/share/wheelchair//meshes/small_left.STL
[1.707s] -- Symlinking: /home/joshin/Hybrid Search ETL/hybrid_rag_project/simulation/workspace/install/wheelchair/share/wheelchair//meshes/small_right.STL
[1.717s] -- Symlinking: /home/joshin/Hybrid Search ETL/hybrid_rag_project/simulation/workspace/install/wheelchair/share/wheelchair//models/aws_robomaker_warehouse_Bucket_01/.DS_Store
[1.726s] -- Symlinking: /home/joshin/Hybrid Search ETL/hybrid_rag_project/simulation/workspace/install/wheelchair/share/wheelchair//models/aws_robomaker_warehouse_Bucket_01/materials/.DS_Store
[1.733s] -- Symlinking: /home/joshin/Hybrid Search ETL/hybrid_rag_project/simulation/workspace/install/wheelchair/share/wheelchair//models/aws_robomaker_warehouse_Bucket_01/materials/textures/aws_robomaker_warehouse_Bucket_01.png
[1.742s] -- Symlinking: /home/joshin/Hybrid Search ETL/hybrid_rag_project/simulation/workspace/install/wheelchair/share/wheelchair//models/aws_robomaker_warehouse_Bucket_01/meshes/aws_robomaker_warehouse_Bucket_01_collision.DAE
[1.748s] -- Symlinking: /home/joshin/Hybrid Search ETL/hybrid_rag_project/simulation/workspace/install/wheelchair/share/wheelchair//models/aws_robomaker_warehouse_Bucket_01/meshes/aws_robomaker_warehouse_Bucket_01_visual.DAE
[1.757s] -- Symlinking: /home/joshin/Hybrid Search ETL/hybrid_rag_project/simulation/workspace/install/wheelchair/share/wheelchair//models/aws_robomaker_warehouse_Bucket_01/model.config
[1.765s] -- Symlinking: /home/joshin/Hybrid Search ETL/hybrid_rag_project/simulation/workspace/install/wheelchair/share/wheelchair//models/aws_robomaker_warehouse_Bucket_01/model.sdf
[1.773s] -- Symlinking: /home/joshin/Hybrid Search ETL/hybrid_rag_project/simulation/workspace/install/wheelchair/share/wheelchair//models/aws_robomaker_warehouse_ClutteringA_01/.DS_Store
[1.779s] -- Symlinking: /home/joshin/Hybrid Search ETL/hybrid_rag_project/simulation/workspace/install/wheelchair/share/wheelchair//models/aws_robomaker_warehouse_ClutteringA_01/materials/.DS_Store
[1.786s] -- Symlinking: /home/joshin/Hybrid Search ETL/hybrid_rag_project/simulation/workspace/install/wheelchair/share/wheelchair//models/aws_robomaker_warehouse_ClutteringA_01/materials/textures/.DS_Store
[1.794s] -- Symlinking: /home/joshin/Hybrid Search ETL/hybrid_rag_project/simulation/workspace/install/wheelchair/share/wheelchair//models/aws_robomaker_warehouse_ClutteringA_01/materials/textures/aws_robomaker_warehouse_ClutteringA_01.png
[1.801s] -- Symlinking: /home/joshin/Hybrid Search ETL/hybrid_rag_project/simulation/workspace/install/wheelchair/share/wheelchair//models/aws_robomaker_warehouse_ClutteringA_01/materials/textures/aws_robomaker_warehouse_ClutteringA_02.png
[1.806s] -- Symlinking: /home/joshin/Hybrid Search ETL/hybrid_rag_project/simulation/workspace/install/wheelchair/share/wheelchair//models/aws_robomaker_warehouse_ClutteringA_01/materials/textures/aws_robomaker_warehouse_ClutteringA_03.png
[1.815s] -- Symlinking: /home/joshin/Hybrid Search ETL/hybrid_rag_project/simulation/workspace/install/wheelchair/share/wheelchair//models/aws_robomaker_warehouse_ClutteringA_01/meshes/aws_robomaker_warehouse_ClutteringA_01_collision.DAE
[1.822s] -- Symlinking: /home/joshin/Hybrid Search ETL/hybrid_rag_project/simulation/workspace/install/wheelchair/share/wheelchair//models/aws_robomaker_warehouse_ClutteringA_01/meshes/aws_robomaker_warehouse_ClutteringA_01_visual.DAE
[1.828s] -- Symlinking: /home/joshin/Hybrid Search ETL/hybrid_rag_project/simulation/workspace/install/wheelchair/share/wheelchair//models/aws_robomaker_warehouse_ClutteringA_01/model.config
[1.834s] -- Symlinking: /home/joshin/Hybrid Search ETL/hybrid_rag_project/simulation/workspace/install/wheelchair/share/wheelchair//models/aws_robomaker_warehouse_ClutteringA_01/model.sdf
[1.841s] -- Symlinking: /home/joshin/Hybrid Search ETL/hybrid_rag_project/simulation/workspace/install/wheelchair/share/wheelchair//models/aws_robomaker_warehouse_ClutteringC_01/materials/textures/aws_robomaker_warehouse_ClutteringC_01.png
[1.849s] -- Symlinking: /home/joshin/Hybrid Search ETL/hybrid_rag_project/simulation/workspace/install/wheelchair/share/wheelchair//models/aws_robomaker_warehouse_ClutteringC_01/materials/textures/aws_robomaker_warehouse_ClutteringC_02.png
[1.856s] -- Symlinking: /home/joshin/Hybrid Search ETL/hybrid_rag_project/simulation/workspace/install/wheelchair/share/wheelchair//models/aws_robomaker_warehouse_ClutteringC_01/meshes/aws_robomaker_warehouse_ClutteringC_01_collision.DAE
[1.863s] -- Symlinking: /home/joshin/Hybrid Search ETL/hybrid_rag_project/simulation/workspace/install/wheelchair/share/wheelchair//models/aws_robomaker_warehouse_ClutteringC_01/meshes/aws_robomaker_warehouse_ClutteringC_01_visual.DAE
[1.870s] -- Symlinking: /home/joshin/Hybrid Search ETL/hybrid_rag_project/simulation/workspace/install/wheelchair/share/wheelchair//models/aws_robomaker_warehouse_ClutteringC_01/model.config
[1.876s] -- Symlinking: /home/joshin/Hybrid Search ETL/hybrid_rag_project/simulation/workspace/install/wheelchair/share/wheelchair//models/aws_robomaker_warehouse_ClutteringC_01/model.sdf
[1.883s] -- Symlinking: /home/joshin/Hybrid Search ETL/hybrid_rag_project/simulation/workspace/install/wheelchair/share/wheelchair//models/aws_robomaker_warehouse_ClutteringD_01/materials/textures/aws_robomaker_warehouse_ClutteringD_01.png
[1.890s] -- Symlinking: /home/joshin/Hybrid Search ETL/hybrid_rag_project/simulation/workspace/install/wheelchair/share/wheelchair//models/aws_robomaker_warehouse_ClutteringD_01/materials/textures/aws_robomaker_warehouse_ClutteringD_02.png
[1.897s] -- Symlinking: /home/joshin/Hybrid Search ETL/hybrid_rag_project/simulation/workspace/install/wheelchair/share/wheelchair//models/aws_robomaker_warehouse_ClutteringD_01/meshes/aws_robomaker_warehouse_ClutteringD_01_collision.DAE
[1.904s] -- Symlinking: /home/joshin/Hybrid Search ETL/hybrid_rag_project/simulation/workspace/install/wheelchair/share/wheelchair//models/aws_robomaker_warehouse_ClutteringD_01/meshes/aws_robomaker_warehouse_ClutteringD_01_visual.DAE
[1.911s] -- Symlinking: /home/joshin/Hybrid Search ETL/hybrid_rag_project/simulation/workspace/install/wheelchair/share/wheelchair//models/aws_robomaker_warehouse_ClutteringD_01/model.config
[1.921s] -- Symlinking: /home/joshin/Hybrid Search ETL/hybrid_rag_project/simulation/workspace/install/wheelchair/share/wheelchair//models/aws_robomaker_warehouse_ClutteringD_01/model.sdf
[1.928s] -- Symlinking: /home/joshin/Hybrid Search ETL/hybrid_rag_project/simulation/workspace/install/wheelchair/share/wheelchair//models/aws_robomaker_warehouse_DeskC_01/materials/.DS_Store
[1.935s] -- Symlinking: /home/joshin/Hybrid Search ETL/hybrid_rag_project/simulation/workspace/install/wheelchair/share/wheelchair//models/aws_robomaker_warehouse_DeskC_01/materials/textures/aws_robomaker_warehouse_DeskC_01.png
[1.942s] -- Symlinking: /home/joshin/Hybrid Search ETL/hybrid_rag_project/simulation/workspace/install/wheelchair/share/wheelchair//models/aws_robomaker_warehouse_DeskC_01/materials/textures/aws_robomaker_warehouse_DeskC_02.png
[1.948s] -- Symlinking: /home/joshin/Hybrid Search ETL/hybrid_rag_project/simulation/workspace/install/wheelchair/share/wheelchair//models/aws_robomaker_warehouse_DeskC_01/materials/textures/aws_robomaker_warehouse_DeskC_03.png
[1.955s] -- Symlinking: /home/joshin/Hybrid Search ETL/hybrid_rag_project/simulation/workspace/install/wheelchair/share/wheelchair//models/aws_robomaker_warehouse_DeskC_01/materials/textures/aws_robomaker_warehouse_DeskC_03.psd
[1.960s] -- Symlinking: /home/joshin/Hybrid Search ETL/hybrid_rag_project/simulation/workspace/install/wheelchair/share/wheelchair//models/aws_robomaker_warehouse_DeskC_01/materials/textures/aws_robomaker_warehouse_DeskC_04.png
[1.967s] -- Symlinking: /home/joshin/Hybrid Search ETL/hybrid_rag_project/simulation/workspace/install/wheelchair/share/wheelchair//models/aws_robomaker_warehouse_DeskC_01/meshes/aws_robomaker_warehouse_DeskC_01_collision.DAE
[1.974s] -- Symlinking: /home/joshin/Hybrid Search ETL/hybrid_rag_project/simulation/workspace/install/wheelchair/share/wheelchair//models/aws_robomaker_warehouse_DeskC_01/meshes/aws_robomaker_warehouse_DeskC_01_visual.DAE
[1.979s] -- Symlinking: /home/joshin/Hybrid Search ETL/hybrid_rag_project/simulation/workspace/install/wheelchair/share/wheelchair//models/aws_robomaker_warehouse_DeskC_01/model.config
[1.985s] -- Symlinking: /home/joshin/Hybrid Search ETL/hybrid_rag_project/simulation/workspace/install/wheelchair/share/wheelchair//models/aws_robomaker_warehouse_DeskC_01/model.sdf
[1.991s] -- Symlinking: /home/joshin/Hybrid Search ETL/hybrid_rag_project/simulation/workspace/install/wheelchair/share/wheelchair//models/aws_robomaker_warehouse_GroundB_01/materials/textures/aws_robomaker_warehouse_GroundB_01.png
[1.997s] -- Symlinking: /home/joshin/Hybrid Search ETL/hybrid_rag_project/simulation/workspace/install/wheelchair/share/wheelchair//models/aws_robomaker_warehouse_GroundB_01/materials/textures/aws_robomaker_warehouse_GroundB_02.png
[2.003s] -- Symlinking: /home/joshin/Hybrid Search ETL/hybrid_rag_project/simulation/workspace/install/wheelchair/share/wheelchair//models/aws_robomaker_warehouse_GroundB_01/meshes/aws_robomaker_warehouse_GroundB_01_collision.DAE
[2.009s] -- Symlinking: /home/joshin/Hybrid Search ETL/hybrid_rag_project/simulation/workspace/install/wheelchair/share/wheelchair//models/aws_robomaker_warehouse_GroundB_01/meshes/aws_robomaker_warehouse_GroundB_01_visual.DAE
[2.018s] -- Symlinking: /home/joshin/Hybrid Search ETL/hybrid_rag_project/simulation/workspace/install/wheelchair/share/wheelchair//models/aws_robomaker_warehouse_GroundB_01/model.config
[2.025s] -- Symlinking: /home/joshin/Hybrid Search ETL/hybrid_rag_project/simulation/workspace/install/wheelchair/share/wheelchair//models/aws_robomaker_warehouse_GroundB_01/model.sdf
[2.032s] -- Symlinking: /home/joshin/Hybrid Search ETL/hybrid_rag_project/simulation/workspace/install/wheelchair/share/wheelchair//models/aws_robomaker_warehouse_Lamp_01/materials/textures/aws_robomaker_warehouse_Lamp_01.png
[2.039s] -- Symlinking: /home/joshin/Hybrid Search ETL/hybrid_rag_project/simulation/workspace/install/wheelchair/share/wheelchair//models/aws_robomaker_warehouse_Lamp_01/meshes/aws_robomaker_warehouse_Lamp_01_collision.DAE
[2.046s] -- Symlinking: /home/joshin/Hybrid Search ETL/hybrid_rag_project/simulation/workspace/install/wheelchair/share/wheelchair//models/aws_robomaker_warehouse_Lamp_01/meshes/aws_robomaker_warehouse_Lamp_01_visual.DAE
[2.052s] -- Symlinking: /home/joshin/Hybrid Search ETL/hybrid_rag_project/simulation/workspace/install/wheelchair/share/wheelchair//models/aws_robomaker_warehouse_Lamp_01/model.config
[2.059s] -- Symlinking: /home/joshin/Hybrid Search ETL/hybrid_rag_project/simulation/workspace/install/wheelchair/share/wheelchair//models/aws_robomaker_warehouse_Lamp_01/model.sdf
[2.066s] -- Symlinking: /home/joshin/Hybrid Search ETL/hybrid_rag_project/simulation/workspace/install/wheelchair/share/wheelchair//models/aws_robomaker_warehouse_PalletJackB_01/.DS_Store
[2.073s] -- Symlinking: /home/joshin/Hybrid Search ETL/hybrid_rag_project/simulation/workspace/install/wheelchair/share/wheelchair//models/aws_robomaker_warehouse_PalletJackB_01/materials/.DS_Store
[2.080s] -- Symlinking: /home/joshin/Hybrid Search ETL/hybrid_rag_project/simulation/workspace/install/wheelchair/share/wheelchair//models/aws_robomaker_warehouse_PalletJackB_01/materials/textures/aws_robomaker_warehouse_PalletJackB_01.png
[2.086s] -- Symlinking: /home/joshin/Hybrid Search ETL/hybrid_rag_project/simulation/workspace/install/wheelchair/share/wheelchair//models/aws_robomaker_warehouse_PalletJackB_01/materials/textures/aws_robomaker_warehouse_PalletJackB_02.png
[2.092s] -- Symlinking: /home/joshin/Hybrid Search ETL/hybrid_rag_project/simulation/workspace/install/wheelchair/share/wheelchair//models/aws_robomaker_warehouse_PalletJackB_01/meshes/aws_robomaker_warehouse_PalletJackB_01_collision.DAE
[2.097s] -- Symlinking: /home/joshin/Hybrid Search ETL/hybrid_rag_project/simulation/workspace/install/wheelchair/share/wheelchair//models/aws_robomaker_warehouse_PalletJackB_01/meshes/aws_robomaker_warehouse_PalletJackB_01_visual.DAE
[2.103s] -- Symlinking: /home/joshin/Hybrid Search ETL/hybrid_rag_project/simulation/workspace/install/wheelchair/share/wheelchair//models/aws_robomaker_warehouse_PalletJackB_01/model.config
[2.110s] -- Symlinking: /home/joshin/Hybrid Search ETL/hybrid_rag_project/simulation/workspace/install/wheelchair/share/wheelchair//models/aws_robomaker_warehouse_PalletJackB_01/model.sdf
[2.120s] -- Symlinking: /home/joshin/Hybrid Search ETL/hybrid_rag_project/simulation/workspace/install/wheelchair/share/wheelchair//models/aws_robomaker_warehouse_RoofB_01/materials/textures/aws_robomaker_warehouse_RoofB_01.png
[2.127s] -- Symlinking: /home/joshin/Hybrid Search ETL/hybrid_rag_project/simulation/workspace/install/wheelchair/share/wheelchair//models/aws_robomaker_warehouse_RoofB_01/meshes/aws_robomaker_warehouse_RoofB_01_collision.DAE
[2.134s] -- Symlinking: /home/joshin/Hybrid Search ETL/hybrid_rag_project/simulation/workspace/install/wheelchair/share/wheelchair//models/aws_robomaker_warehouse_RoofB_01/meshes/aws_robomaker_warehouse_RoofB_01_visual.DAE
[2.141s] -- Symlinking: /home/joshin/Hybrid Search ETL/hybrid_rag_project/simulation/workspace/install/wheelchair/share/wheelchair//models/aws_robomaker_warehouse_RoofB_01/model.config
[2.149s] -- Symlinking: /home/joshin/Hybrid Search ETL/hybrid_rag_project/simulation/workspace/install/wheelchair/share/wheelchair//models/aws_robomaker_warehouse_RoofB_01/model.sdf
[2.156s] -- Symlinking: /home/joshin/Hybrid Search ETL/hybrid_rag_project/simulation/workspace/install/wheelchair/share/wheelchair//models/aws_robomaker_warehouse_ShelfD_01/materials/textures/aws_robomaker_warehouse_ShelfD_01.png
[2.163s] -- Symlinking: /home/joshin/Hybrid Search ETL/hybrid_rag_project/simulation/workspace/install/wheelchair/share/wheelchair//models/aws_robomaker_warehouse_ShelfD_01/materials/textures/aws_robomaker_warehouse_ShelfD_02.png
[2.170s] -- Symlinking: /home/joshin/Hybrid Search ETL/hybrid_rag_project/simulation/workspace/install/wheelchair/share/wheelchair//models/aws_robomaker_warehouse_ShelfD_01/materials/textures/aws_robomaker_warehouse_ShelfD_03.png
[2.176s] -- Symlinking: /home/joshin/Hybrid Search ETL/hybrid_rag_project/simulation/workspace/install/wheelchair/share/wheelchair//models/aws_robomaker_warehouse_ShelfD_01/materials/textures/aws_robomaker_warehouse_ShelfD_04.png
[2.183s] -- Symlinking: /home/joshin/Hybrid Search ETL/hybrid_rag_project/simulation/workspace/install/wheelchair/share/wheelchair//models/aws_robomaker_warehouse_ShelfD_01/meshes/aws_robomaker_warehouse_ShelfD_01_collision.DAE
[2.190s] -- Symlinking: /home/joshin/Hybrid Search ETL/hybrid_rag_project/simulation/workspace/install/wheelchair/share/wheelchair//models/aws_robomaker_warehouse_ShelfD_01/meshes/aws_robomaker_warehouse_ShelfD_01_visual.DAE
[2.197s] -- Symlinking: /home/joshin/Hybrid Search ETL/hybrid_rag_project/simulation/workspace/install/wheelchair/share/wheelchair//models/aws_robomaker_warehouse_ShelfD_01/model.config
[2.204s] -- Symlinking: /home/joshin/Hybrid Search ETL/hybrid_rag_project/simulation/workspace/install/wheelchair/share/wheelchair//models/aws_robomaker_warehouse_ShelfD_01/model.sdf
[2.211s] -- Symlinking: /home/joshin/Hybrid Search ETL/hybrid_rag_project/simulation/workspace/install/wheelchair/share/wheelchair//models/aws_robomaker_warehouse_ShelfE_01/.DS_Store
[2.220s] -- Symlinking: /home/joshin/Hybrid Search ETL/hybrid_rag_project/simulation/workspace/install/wheelchair/share/wheelchair//models/aws_robomaker_warehouse_ShelfE_01/materials/.DS_Store
[2.226s] -- Symlinking: /home/joshin/Hybrid Search ETL/hybrid_rag_project/simulation/workspace/install/wheelchair/share/wheelchair//models/aws_robomaker_warehouse_ShelfE_01/materials/textures/aws_robomaker_warehouse_ShelfE_01.png
[2.232s] -- Symlinking: /home/joshin/Hybrid Search ETL/hybrid_rag_project/simulation/workspace/install/wheelchair/share/wheelchair//models/aws_robomaker_warehouse_ShelfE_01/materials/textures/aws_robomaker_warehouse_ShelfE_02.png
[2.238s] -- Symlinking: /home/joshin/Hybrid Search ETL/hybrid_rag_project/simulation/workspace/install/wheelchair/share/wheelchair//models/aws_robomaker_warehouse_ShelfE_01/materials/textures/aws_robomaker_warehouse_ShelfE_03.png
[2.245s] -- Symlinking: /home/joshin/Hybrid Search ETL/hybrid_rag_project/simulation/workspace/install/wheelchair/share/wheelchair//models/aws_robomaker_warehouse_ShelfE_01/materials/textures/aws_robomaker_warehouse_ShelfE_04.png
[2.253s] -- Symlinking: /home/joshin/Hybrid Search ETL/hybrid_rag_project/simulation/workspace/install/wheelchair/share/wheelchair//models/aws_robomaker_warehouse_ShelfE_01/meshes/aws_robomaker_warehouse_ShelfE_01_collision.DAE
[2.259s] -- Symlinking: /home/joshin/Hybrid Search ETL/hybrid_rag_project/simulation/workspace/install/wheelchair/share/wheelchair//models/aws_robomaker_warehouse_ShelfE_01/meshes/aws_robomaker_warehouse_ShelfE_01_visual.DAE
[2.265s] -- Symlinking: /home/joshin/Hybrid Search ETL/hybrid_rag_project/simulation/workspace/install/wheelchair/share/wheelchair//models/aws_robomaker_warehouse_ShelfE_01/model.config
[2.271s] -- Symlinking: /home/joshin/Hybrid Search ETL/hybrid_rag_project/simulation/workspace/install/wheelchair/share/wheelchair//models/aws_robomaker_warehouse_ShelfE_01/model.sdf
[2.278s] -- Symlinking: /home/joshin/Hybrid Search ETL/hybrid_rag_project/simulation/workspace/install/wheelchair/share/wheelchair//models/aws_robomaker_warehouse_ShelfF_01/materials/textures/aws_robomaker_warehouse_ShelfF_01.png
[2.286s] -- Symlinking: /home/joshin/Hybrid Search ETL/hybrid_rag_project/simulation/workspace/install/wheelchair/share/wheelchair//models/aws_robomaker_warehouse_ShelfF_01/materials/textures/aws_robomaker_warehouse_ShelfF_02.png
[2.293s] -- Symlinking: /home/joshin/Hybrid Search ETL/hybrid_rag_project/simulation/workspace/install/wheelchair/share/wheelchair//models/aws_robomaker_warehouse_ShelfF_01/materials/textures/aws_robomaker_warehouse_ShelfF_03.png
[2.299s] -- Symlinking: /home/joshin/Hybrid Search ETL/hybrid_rag_project/simulation/workspace/install/wheelchair/share/wheelchair//models/aws_robomaker_warehouse_ShelfF_01/meshes/aws_robomaker_warehouse_ShelfF_01_collision.DAE
[2.306s] -- Symlinking: /home/joshin/Hybrid Search ETL/hybrid_rag_project/simulation/workspace/install/wheelchair/share/wheelchair//models/aws_robomaker_warehouse_ShelfF_01/meshes/aws_robomaker_warehouse_ShelfF_01_visual.DAE
[2.313s] -- Symlinking: /home/joshin/Hybrid Search ETL/hybrid_rag_project/simulation/workspace/install/wheelchair/share/wheelchair//models/aws_robomaker_warehouse_ShelfF_01/model.config
[2.323s] -- Symlinking: /home/joshin/Hybrid Search ETL/hybrid_rag_project/simulation/workspace/install/wheelchair/share/wheelchair//models/aws_robomaker_warehouse_ShelfF_01/model.sdf
[2.329s] -- Symlinking: /home/joshin/Hybrid Search ETL/hybrid_rag_project/simulation/workspace/install/wheelchair/share/wheelchair//models/aws_robomaker_warehouse_TrashCanC_01/materials/textures/aws_robomaker_warehouse_TrashCanC_01.png
[2.337s] -- Symlinking: /home/joshin/Hybrid Search ETL/hybrid_rag_project/simulation/workspace/install/wheelchair/share/wheelchair//models/aws_robomaker_warehouse_TrashCanC_01/meshes/aws_robomaker_warehouse_TrashCanC_01_collision.DAE
[2.344s] -- Symlinking: /home/joshin/Hybrid Search ETL/hybrid_rag_project/simulation/workspace/install/wheelchair/share/wheelchair//models/aws_robomaker_warehouse_TrashCanC_01/meshes/aws_robomaker_warehouse_TrashCanC_01_visual.DAE
[2.351s] -- Symlinking: /home/joshin/Hybrid Search ETL/hybrid_rag_project/simulation/workspace/install/wheelchair/share/wheelchair//models/aws_robomaker_warehouse_TrashCanC_01/model.config
[2.358s] -- Symlinking: /home/joshin/Hybrid Search ETL/hybrid_rag_project/simulation/workspace/install/wheelchair/share/wheelchair//models/aws_robomaker_warehouse_TrashCanC_01/model.sdf
[2.364s] -- Symlinking: /home/joshin/Hybrid Search ETL/hybrid_rag_project/simulation/workspace/install/wheelchair/share/wheelchair//models/aws_robomaker_warehouse_WallB_01/materials/textures/aws_robomaker_warehouse_WallB_01.png
[2.371s] -- Symlinking: /home/joshin/Hybrid Search ETL/hybrid_rag_project/simulation/workspace/install/wheelchair/share/wheelchair//models/aws_robomaker_warehouse_WallB_01/meshes/aws_robomaker_warehouse_WallB_01_collision.DAE
[2.379s] -- Symlinking: /home/joshin/Hybrid Search ETL/hybrid_rag_project/simulation/workspace/install/wheelchair/share/wheelchair//models/aws_robomaker_warehouse_WallB_01/meshes/aws_robomaker_warehouse_WallB_01_visual.DAE
[2.385s] -- Symlinking: /home/joshin/Hybrid Search ETL/hybrid_rag_project/simulation/workspace/install/wheelchair/share/wheelchair//models/aws_robomaker_warehouse_WallB_01/model.config
[2.392s] -- Symlinking: /home/joshin/Hybrid Search ETL/hybrid_rag_project/simulation/workspace/install/wheelchair/share/wheelchair//models/aws_robomaker_warehouse_WallB_01/model.sdf
[2.398s] -- Symlinking: /home/joshin/Hybrid Search ETL/hybrid_rag_project/simulation/workspace/install/wheelchair/share/wheelchair//urdf/diff_robot.urdf
[2.405s] -- Symlinking: /home/joshin/Hybrid Search ETL/hybrid_rag_project/simulation/workspace/install/wheelchair/share/wheelchair//urdf/ign_robot.urdf
[2.412s] -- Symlinking: /home/joshin/Hybrid Search ETL/hybrid_rag_project/simulation/workspace/install/wheelchair/share/wheelchair//urdf/rviz.rviz
[2.422s] -- Symlinking: /home/joshin/Hybrid Search ETL/hybrid_rag_project/simulation/workspace/install/wheelchair/share/wheelchair//urdf/turtlebot3_navigation.rviz
[2.431s] -- Symlinking: /home/joshin/Hybrid Search ETL/hybrid_rag_project/simulation/workspace/install/wheelchair/share/wheelchair//urdf/urdf_config.rviz
[2.437s] -- Symlinking: /home/joshin/Hybrid Search ETL/hybrid_rag_project/simulation/workspace/install/wheelchair/share/wheelchair//urdf/zaaaa.xml
[2.443s] -- Symlinking: /home/joshin/Hybrid Search ETL/hybrid_rag_project/simulation/workspace/install/wheelchair/share/wheelchair//worlds/maze.sdf
[2.450s] -- Symlinking: /home/joshin/Hybrid Search ETL/hybrid_rag_project/simulation/workspace/install/wheelchair/share/wheelchair//worlds/maze_backup.sdf
[2.457s] -- Symlinking: /home/joshin/Hybrid Search ETL/hybrid_rag_project/simulation/workspace/install/wheelchair/share/wheelchair//maps/my_map.pgm
[2.463s] -- Symlinking: /home/joshin/Hybrid Search ETL/hybrid_rag_project/simulation/workspace/install/wheelchair/share/wheelchair//maps/my_map.yaml
[2.469s] -- Symlinking: /home/joshin/Hybrid Search ETL/hybrid_rag_project/simulation/workspace/install/wheelchair/share/wheelchair/config/bridge.yaml
[2.477s] -- Symlinking: /home/joshin/Hybrid Search ETL/hybrid_rag_project/simulation/workspace/install/wheelchair/share/wheelchair/config/ekf.yaml
[2.483s] -- Symlinking: /home/joshin/Hybrid Search ETL/hybrid_rag_project/simulation/workspace/install/wheelchair/share/wheelchair/config/frames_2025-12-14_19.48.29.gv
[2.490s] -- Symlinking: /home/joshin/Hybrid Search ETL/hybrid_rag_project/simulation/workspace/install/wheelchair/share/wheelchair/config/frames_2025-12-14_19.48.29.pdf
[2.496s] -- Symlinking: /home/joshin/Hybrid Search ETL/hybrid_rag_project/simulation/workspace/install/wheelchair/share/wheelchair/config/nav2_params.yaml
[2.503s] -- Symlinking: /home/joshin/Hybrid Search ETL/hybrid_rag_project/simulation/workspace/install/wheelchair/share/wheelchair/config/slam_toolbox_params.yaml
[2.511s] -- Symlinking: /home/joshin/Hybrid Search ETL/hybrid_rag_project/simulation/workspace/install/wheelchair/lib/wheelchair/keyboard_map_saver.py
[2.522s] -- Symlinking: /home/joshin/Hybrid Search ETL/hybrid_rag_project/simulation/workspace/install/wheelchair/share/ament_index/resource_index/package_run_dependencies/wheelchair
[2.529s] -- Symlinking: /home/joshin/Hybrid Search ETL/hybrid_rag_project/simulation/workspace/install/wheelchair/share/ament_index/resource_index/parent_prefix_path/wheelchair
[2.536s] -- Symlinking: /home/joshin/Hybrid Search ETL/hybrid_rag_project/simulation/workspace/install/wheelchair/share/wheelchair/environment/ament_prefix_path.sh
[2.541s] -- Symlinking: /home/joshin/Hybrid Search ETL/hybrid_rag_project/simulation/workspace/install/wheelchair/share/wheelchair/environment/ament_prefix_path.dsv
[2.547s] -- Symlinking: /home/joshin/Hybrid Search ETL/hybrid_rag_project/simulation/workspace/install/wheelchair/share/wheelchair/environment/path.sh
[2.553s] -- Symlinking: /home/joshin/Hybrid Search ETL/hybrid_rag_project/simulation/workspace/install/wheelchair/share/wheelchair/environment/path.dsv
[2.559s] -- Symlinking: /home/joshin/Hybrid Search ETL/hybrid_rag_project/simulation/workspace/install/wheelchair/share/wheelchair/local_setup.bash
[2.565s] -- Symlinking: /home/joshin/Hybrid Search ETL/hybrid_rag_project/simulation/workspace/install/wheelchair/share/wheelchair/local_setup.sh
[2.572s] -- Symlinking: /home/joshin/Hybrid Search ETL/hybrid_rag_project/simulation/workspace/install/wheelchair/share/wheelchair/local_setup.zsh
[2.579s] -- Symlinking: /home/joshin/Hybrid Search ETL/hybrid_rag_project/simulation/workspace/install/wheelchair/share/wheelchair/local_setup.dsv
[2.587s] -- Symlinking: /home/joshin/Hybrid Search ETL/hybrid_rag_project/simulation/workspace/install/wheelchair/share/wheelchair/package.dsv
[2.594s] -- Symlinking: /home/joshin/Hybrid Search ETL/hybrid_rag_project/simulation/workspace/install/wheelchair/share/ament_index/resource_index/packages/wheelchair
[2.601s] -- Symlinking: /home/joshin/Hybrid Search ETL/hybrid_rag_project/simulation/workspace/install/wheelchair/share/wheelchair/cmake/wheelchairConfig.cmake
[2.608s] -- Symlinking: /home/joshin/Hybrid Search ETL/hybrid_rag_project/simulation/workspace/install/wheelchair/share/wheelchair/cmake/wheelchairConfig-version.cmake
[2.620s] -- Symlinking: /home/joshin/Hybrid Search ETL/hybrid_rag_project/simulation/workspace/install/wheelchair/share/wheelchair/package.xml
[2.629s] Invoked command in '/home/joshin/Hybrid Search ETL/hybrid_rag_project/simulation/workspace/build/wheelchair' returned '0': CMAKE_PREFIX_PATH=/opt/ros/humble VIRTUAL_ENV_PROMPT=(venv) /usr/bin/cmake --install /home/joshin/Hybrid Search ETL/hybrid_rag_project/simulation/workspace/build/wheelchair
