[0.008s] Invoking command in '/home/joshin/Hybrid Search ETL/hybrid_rag_project/simulation/workspace/build/wheelchair': CMAKE_PREFIX_PATH=/opt/ros/humble VIRTUAL_ENV_PROMPT=(venv) /usr/bin/cmake /home/joshin/Hybrid Search ETL/hybrid_rag_project/simulation/workspace/src/wheelchair -DCMAKE_INSTALL_PREFIX=/home/joshin/Hybrid Search ETL/hybrid_rag_project/simulation/workspace/install/wheelchair
[0.023s] -- Found ament_cmake: 1.3.12 (/opt/ros/humble/share/ament_cmake/cmake)
[0.109s] -- Override CMake install command with custom implementation using symlinks instead of copying resources
[0.121s] -- Found gazebo_ros: 3.9.0 (/opt/ros/humble/share/gazebo_ros/cmake)
[0.152s] -- Found rosidl_generator_c: 3.1.8 (/opt/ros/humble/share/rosidl_generator_c/cmake)
[0.154s] -- Found rosidl_adapter: 3.1.8 (/opt/ros/humble/share/rosidl_adapter/cmake)
[0.159s] -- Found rosidl_generator_cpp: 3.1.8 (/opt/ros/humble/share/rosidl_generator_cpp/cmake)
[0.167s] -- Using all available rosidl_typesupport_c: rosidl_typesupport_fastrtps_c;rosidl_typesupport_introspection_c
[0.176s] -- Using all available rosidl_typesupport_cpp: rosidl_typesupport_fastrtps_cpp;rosidl_typesupport_introspection_cpp
[0.204s] -- Found rmw_implementation_cmake: 6.1.2 (/opt/ros/humble/share/rmw_implementation_cmake/cmake)
[0.206s] -- Found rmw_fastrtps_cpp: 6.2.9 (/opt/ros/humble/share/rmw_fastrtps_cpp/cmake)
[0.287s] -- Using RMW implementation 'rmw_fastrtps_cpp' as default
[0.355s] -- Found DART: /usr/include (Required is at least version "6.6") found components: dart 
[0.377s] -- Found Protobuf: /usr/lib/x86_64-linux-gnu/libprotobuf.so (found version "3.12.4") 
[0.379s] -- Looking for ignition-math6 -- found version 6.15.1
[0.383s] -- Searching for dependencies of ignition-math6
[0.385s] -- Looking for OGRE...
[0.390s] -- Found Ogre Ghadamon (1.9.0)
[0.390s] -- Found OGRE: optimized;/usr/lib/x86_64-linux-gnu/libOgreMain.so;debug;/usr/lib/x86_64-linux-gnu/libOgreMain.so
[0.395s] -- Looking for OGRE_Paging...
[0.396s] -- Found OGRE_Paging: optimized;/usr/lib/x86_64-linux-gnu/libOgrePaging.so;debug;/usr/lib/x86_64-linux-gnu/libOgrePaging.so
[0.396s] -- Looking for OGRE_Terrain...
[0.396s] -- Found OGRE_Terrain: optimized;/usr/lib/x86_64-linux-gnu/libOgreTerrain.so;debug;/usr/lib/x86_64-linux-gnu/libOgreTerrain.so
[0.396s] -- Looking for OGRE_Property...
[0.396s] -- Found OGRE_Property: optimized;/usr/lib/x86_64-linux-gnu/libOgreProperty.so;debug;/usr/lib/x86_64-linux-gnu/libOgreProperty.so
[0.396s] -- Looking for OGRE_RTShaderSystem...
[0.396s] -- Found OGRE_RTShaderSystem: optimized;/usr/lib/x86_64-linux-gnu/libOgreRTShaderSystem.so;debug;/usr/lib/x86_64-linux-gnu/libOgreRTShaderSystem.so
[0.396s] -- Looking for OGRE_Volume...
[0.396s] -- Found OGRE_Volume: optimized;/usr/lib/x86_64-linux-gnu/libOgreVolume.so;debug;/usr/lib/x86_64-linux-gnu/libOgreVolume.so
[0.396s] -- Looking for OGRE_Overlay...
[0.396s] -- Found OGRE_Overlay: optimized;/usr/lib/x86_64-linux-gnu/libOgreOverlay.so;debug;/usr/lib/x86_64-linux-gnu/libOgreOverlay.so
[0.460s] -- Looking for ignition-math6 -- found version 6.15.1
[0.460s] -- Looking for ignition-transport8 -- found version 8.2.1
[0.461s] -- Searching for dependencies of ignition-transport8
[0.475s] -- Found Protobuf: /usr/lib/x86_64-linux-gnu/libprotobuf.so (found suitable version "3.12.4", minimum required is "3") 
[0.483s] -- Config-file not installed for ZeroMQ -- checking for pkg-config
[0.488s] -- Checking for module 'libzmq >= 4'
[0.502s] --   Found libzmq , version 4.3.4
[0.539s] -- Checking for module 'uuid'
[0.549s] --   Found uuid, version 2.37.2
[0.582s] -- Looking for ignition-msgs5 -- found version 5.8.1
[0.582s] -- Searching for dependencies of ignition-msgs5
[0.596s] -- Looking for ignition-math6 -- found version 6.15.1
[0.600s] -- Checking for module 'tinyxml2'
[0.613s] --   Found tinyxml2, version 9.0.0
[0.647s] -- Looking for ignition-msgs5 -- found version 5.8.1
[0.647s] -- Looking for ignition-common3 -- found version 3.14.0
[0.647s] -- Searching for dependencies of ignition-common3
[0.647s] -- Looking for dlfcn.h - found
[0.647s] -- Looking for libdl - found
[0.657s] -- Searching for <ignition-common3> component [graphics]
[0.657s] -- Looking for ignition-common3-graphics -- found version 3.14.0
[0.658s] -- Searching for dependencies of ignition-common3-graphics
[0.658s] -- Looking for ignition-math6 -- found version 6.15.1
[0.659s] -- Looking for ignition-fuel_tools4 -- found version 4.4.0
[0.659s] -- Searching for dependencies of ignition-fuel_tools4
[0.688s] -- Checking for module 'jsoncpp'
[0.699s] --   Found jsoncpp, version 1.9.5
[0.737s] -- Checking for module 'libzip'
[0.749s] --   Found libzip, version 1.7.3
[0.780s] -- Looking for ignition-common3 -- found version 3.14.0
[0.780s] -- Looking for ignition-math6 -- found version 6.15.1
[0.780s] -- Looking for ignition-msgs5 -- found version 5.8.1
[0.782s] -- Gazebo version: 11.10
[0.784s] -- Found gazebo_ros_pkgs: 3.9.0 (/opt/ros/humble/share/gazebo_ros_pkgs/cmake)
[0.784s] -- Found ament_lint_auto: 0.12.14 (/opt/ros/humble/share/ament_lint_auto/cmake)
[0.852s] -- Added test 'flake8' to check Python code syntax and style conventions
[0.855s] -- Added test 'lint_cmake' to check CMake code style
[0.857s] -- Added test 'pep257' to check Python code against some of the docstring style conventions in PEP 257
[0.868s] -- Added test 'xmllint' to check XML markup files
[0.869s] -- Configuring done
[0.875s] -- Generating done
[0.876s] -- Build files have been written to: /home/joshin/Hybrid Search ETL/hybrid_rag_project/simulation/workspace/build/wheelchair
[0.885s] Invoked command in '/home/joshin/Hybrid Search ETL/hybrid_rag_project/simulation/workspace/build/wheelchair' returned '0': CMAKE_PREFIX_PATH=/opt/ros/humble VIRTUAL_ENV_PROMPT=(venv) /usr/bin/cmake /home/joshin/Hybrid Search ETL/hybrid_rag_project/simulation/workspace/src/wheelchair -DCMAKE_INSTALL_PREFIX=/home/joshin/Hybrid Search ETL/hybrid_rag_project/simulation/workspace/install/wheelchair
[0.887s] Invoking command in '/home/joshin/Hybrid Search ETL/hybrid_rag_project/simulation/workspace/build/wheelchair': CMAKE_PREFIX_PATH=/opt/ros/humble VIRTUAL_ENV_PROMPT=(venv) /usr/bin/cmake --build /home/joshin/Hybrid Search ETL/hybrid_rag_project/simulation/workspace/build/wheelchair -- -j16 -l16
[0.929s] Invoked command in '/home/joshin/Hybrid Search ETL/hybrid_rag_project/simulation/workspace/build/wheelchair' returned '0': CMAKE_PREFIX_PATH=/opt/ros/humble VIRTUAL_ENV_PROMPT=(venv) /usr/bin/cmake --build /home/joshin/Hybrid Search ETL/hybrid_rag_project/simulation/workspace/build/wheelchair -- -j16 -l16
[0.938s] Invoking command in '/home/joshin/Hybrid Search ETL/hybrid_rag_project/simulation/workspace/build/wheelchair': CMAKE_PREFIX_PATH=/opt/ros/humble VIRTUAL_ENV_PROMPT=(venv) /usr/bin/cmake --install /home/joshin/Hybrid Search ETL/hybrid_rag_project/simulation/workspace/build/wheelchair
[0.943s] -- Install configuration: ""
[0.943s] -- Execute custom install script
[0.943s] -- Up-to-date symlink: /home/joshin/Hybrid Search ETL/hybrid_rag_project/simulation/workspace/install/wheelchair/share/wheelchair//launch/ign_launch.py
[0.943s] -- Up-to-date symlink: /home/joshin/Hybrid Search ETL/hybrid_rag_project/simulation/workspace/install/wheelchair/share/wheelchair//launch/launch.py
[0.943s] -- Up-to-date symlink: /home/joshin/Hybrid Search ETL/hybrid_rag_project/simulation/workspace/install/wheelchair/share/wheelchair//launch/navigation.launch.py
[0.943s] -- Up-to-date symlink: /home/joshin/Hybrid Search ETL/hybrid_rag_project/simulation/workspace/install/wheelchair/share/wheelchair//launch/slam.launch.py
[0.943s] -- Up-to-date symlink: /home/joshin/Hybrid Search ETL/hybrid_rag_project/simulation/workspace/install/wheelchair/share/wheelchair//meshes/base_link.STL
[0.943s] -- Up-to-date symlink: /home/joshin/Hybrid Search ETL/hybrid_rag_project/simulation/workspace/install/wheelchair/share/wheelchair//meshes/front_left_wheel.STL
[0.944s] -- Up-to-date symlink: /home/joshin/Hybrid Search ETL/hybrid_rag_project/simulation/workspace/install/wheelchair/share/wheelchair//meshes/front_right_wheel.STL
[0.944s] -- Up-to-date symlink: /home/joshin/Hybrid Search ETL/hybrid_rag_project/simulation/workspace/install/wheelchair/share/wheelchair//meshes/left_wheel.STL
[0.944s] -- Up-to-date symlink: /home/joshin/Hybrid Search ETL/hybrid_rag_project/simulation/workspace/install/wheelchair/share/wheelchair//meshes/right_wheel.STL
[0.944s] -- Up-to-date symlink: /home/joshin/Hybrid Search ETL/hybrid_rag_project/simulation/workspace/install/wheelchair/share/wheelchair//meshes/small_left.STL
[0.944s] -- Up-to-date symlink: /home/joshin/Hybrid Search ETL/hybrid_rag_project/simulation/workspace/install/wheelchair/share/wheelchair//meshes/small_right.STL
[0.945s] -- Up-to-date symlink: /home/joshin/Hybrid Search ETL/hybrid_rag_project/simulation/workspace/install/wheelchair/share/wheelchair//models/aws_robomaker_warehouse_Bucket_01/.DS_Store
[0.945s] -- Up-to-date symlink: /home/joshin/Hybrid Search ETL/hybrid_rag_project/simulation/workspace/install/wheelchair/share/wheelchair//models/aws_robomaker_warehouse_Bucket_01/materials/.DS_Store
[0.945s] -- Up-to-date symlink: /home/joshin/Hybrid Search ETL/hybrid_rag_project/simulation/workspace/install/wheelchair/share/wheelchair//models/aws_robomaker_warehouse_Bucket_01/materials/textures/aws_robomaker_warehouse_Bucket_01.png
[0.945s] -- Up-to-date symlink: /home/joshin/Hybrid Search ETL/hybrid_rag_project/simulation/workspace/install/wheelchair/share/wheelchair//models/aws_robomaker_warehouse_Bucket_01/meshes/aws_robomaker_warehouse_Bucket_01_collision.DAE
[0.945s] -- Up-to-date symlink: /home/joshin/Hybrid Search ETL/hybrid_rag_project/simulation/workspace/install/wheelchair/share/wheelchair//models/aws_robomaker_warehouse_Bucket_01/meshes/aws_robomaker_warehouse_Bucket_01_visual.DAE
[0.945s] -- Up-to-date symlink: /home/joshin/Hybrid Search ETL/hybrid_rag_project/simulation/workspace/install/wheelchair/share/wheelchair//models/aws_robomaker_warehouse_Bucket_01/model.config
[0.946s] -- Up-to-date symlink: /home/joshin/Hybrid Search ETL/hybrid_rag_project/simulation/workspace/install/wheelchair/share/wheelchair//models/aws_robomaker_warehouse_Bucket_01/model.sdf
[0.946s] -- Up-to-date symlink: /home/joshin/Hybrid Search ETL/hybrid_rag_project/simulation/workspace/install/wheelchair/share/wheelchair//models/aws_robomaker_warehouse_ClutteringA_01/.DS_Store
[0.946s] -- Up-to-date symlink: /home/joshin/Hybrid Search ETL/hybrid_rag_project/simulation/workspace/install/wheelchair/share/wheelchair//models/aws_robomaker_warehouse_ClutteringA_01/materials/.DS_Store
[0.946s] -- Up-to-date symlink: /home/joshin/Hybrid Search ETL/hybrid_rag_project/simulation/workspace/install/wheelchair/share/wheelchair//models/aws_robomaker_warehouse_ClutteringA_01/materials/textures/.DS_Store
[0.946s] -- Up-to-date symlink: /home/joshin/Hybrid Search ETL/hybrid_rag_project/simulation/workspace/install/wheelchair/share/wheelchair//models/aws_robomaker_warehouse_ClutteringA_01/materials/textures/aws_robomaker_warehouse_ClutteringA_01.png
[0.946s] -- Up-to-date symlink: /home/joshin/Hybrid Search ETL/hybrid_rag_project/simulation/workspace/install/wheelchair/share/wheelchair//models/aws_robomaker_warehouse_ClutteringA_01/materials/textures/aws_robomaker_warehouse_ClutteringA_02.png
[0.946s] -- Up-to-date symlink: /home/joshin/Hybrid Search ETL/hybrid_rag_project/simulation/workspace/install/wheelchair/share/wheelchair//models/aws_robomaker_warehouse_ClutteringA_01/materials/textures/aws_robomaker_warehouse_ClutteringA_03.png
[0.946s] -- Up-to-date symlink: /home/joshin/Hybrid Search ETL/hybrid_rag_project/simulation/workspace/install/wheelchair/share/wheelchair//models/aws_robomaker_warehouse_ClutteringA_01/meshes/aws_robomaker_warehouse_ClutteringA_01_collision.DAE
[0.946s] -- Up-to-date symlink: /home/joshin/Hybrid Search ETL/hybrid_rag_project/simulation/workspace/install/wheelchair/share/wheelchair//models/aws_robomaker_warehouse_ClutteringA_01/meshes/aws_robomaker_warehouse_ClutteringA_01_visual.DAE
[0.946s] -- Up-to-date symlink: /home/joshin/Hybrid Search ETL/hybrid_rag_project/simulation/workspace/install/wheelchair/share/wheelchair//models/aws_robomaker_warehouse_ClutteringA_01/model.config
[0.946s] -- Up-to-date symlink: /home/joshin/Hybrid Search ETL/hybrid_rag_project/simulation/workspace/install/wheelchair/share/wheelchair//models/aws_robomaker_warehouse_ClutteringA_01/model.sdf
[0.946s] -- Up-to-date symlink: /home/joshin/Hybrid Search ETL/hybrid_rag_project/simulation/workspace/install/wheelchair/share/wheelchair//models/aws_robomaker_warehouse_ClutteringC_01/materials/textures/aws_robomaker_warehouse_ClutteringC_01.png
[0.946s] -- Up-to-date symlink: /home/joshin/Hybrid Search ETL/hybrid_rag_project/simulation/workspace/install/wheelchair/share/wheelchair//models/aws_robomaker_warehouse_ClutteringC_01/materials/textures/aws_robomaker_warehouse_ClutteringC_02.png
[0.946s] -- Up-to-date symlink: /home/joshin/Hybrid Search ETL/hybrid_rag_project/simulation/workspace/install/wheelchair/share/wheelchair//models/aws_robomaker_warehouse_ClutteringC_01/meshes/aws_robomaker_warehouse_ClutteringC_01_collision.DAE
[0.947s] -- Up-to-date symlink: /home/joshin/Hybrid Search ETL/hybrid_rag_project/simulation/workspace/install/wheelchair/share/wheelchair//models/aws_robomaker_warehouse_ClutteringC_01/meshes/aws_robomaker_warehouse_ClutteringC_01_visual.DAE
[0.947s] -- Up-to-date symlink: /home/joshin/Hybrid Search ETL/hybrid_rag_project/simulation/workspace/install/wheelchair/share/wheelchair//models/aws_robomaker_warehouse_ClutteringC_01/model.config
[0.947s] -- Up-to-date symlink: /home/joshin/Hybrid Search ETL/hybrid_rag_project/simulation/workspace/install/wheelchair/share/wheelchair//models/aws_robomaker_warehouse_ClutteringC_01/model.sdf
[0.947s] -- Up-to-date symlink: /home/joshin/Hybrid Search ETL/hybrid_rag_project/simulation/workspace/install/wheelchair/share/wheelchair//models/aws_robomaker_warehouse_ClutteringD_01/materials/textures/aws_robomaker_warehouse_ClutteringD_01.png
[0.947s] -- Up-to-date symlink: /home/joshin/Hybrid Search ETL/hybrid_rag_project/simulation/workspace/install/wheelchair/share/wheelchair//models/aws_robomaker_warehouse_ClutteringD_01/materials/textures/aws_robomaker_warehouse_ClutteringD_02.png
[0.947s] -- Up-to-date symlink: /home/joshin/Hybrid Search ETL/hybrid_rag_project/simulation/workspace/install/wheelchair/share/wheelchair//models/aws_robomaker_warehouse_ClutteringD_01/meshes/aws_robomaker_warehouse_ClutteringD_01_collision.DAE
[0.947s] -- Up-to-date symlink: /home/joshin/Hybrid Search ETL/hybrid_rag_project/simulation/workspace/install/wheelchair/share/wheelchair//models/aws_robomaker_warehouse_ClutteringD_01/meshes/aws_robomaker_warehouse_ClutteringD_01_visual.DAE
[0.947s] -- Up-to-date symlink: /home/joshin/Hybrid Search ETL/hybrid_rag_project/simulation/workspace/install/wheelchair/share/wheelchair//models/aws_robomaker_warehouse_ClutteringD_01/model.config
[0.947s] -- Up-to-date symlink: /home/joshin/Hybrid Search ETL/hybrid_rag_project/simulation/workspace/install/wheelchair/share/wheelchair//models/aws_robomaker_warehouse_ClutteringD_01/model.sdf
[0.947s] -- Up-to-date symlink: /home/joshin/Hybrid Search ETL/hybrid_rag_project/simulation/workspace/install/wheelchair/share/wheelchair//models/aws_robomaker_warehouse_DeskC_01/materials/.DS_Store
[0.947s] -- Up-to-date symlink: /home/joshin/Hybrid Search ETL/hybrid_rag_project/simulation/workspace/install/wheelchair/share/wheelchair//models/aws_robomaker_warehouse_DeskC_01/materials/textures/aws_robomaker_warehouse_DeskC_01.png
[0.947s] -- Up-to-date symlink: /home/joshin/Hybrid Search ETL/hybrid_rag_project/simulation/workspace/install/wheelchair/share/wheelchair//models/aws_robomaker_warehouse_DeskC_01/materials/textures/aws_robomaker_warehouse_DeskC_02.png
[0.947s] -- Up-to-date symlink: /home/joshin/Hybrid Search ETL/hybrid_rag_project/simulation/workspace/install/wheelchair/share/wheelchair//models/aws_robomaker_warehouse_DeskC_01/materials/textures/aws_robomaker_warehouse_DeskC_03.png
[0.948s] -- Up-to-date symlink: /home/joshin/Hybrid Search ETL/hybrid_rag_project/simulation/workspace/install/wheelchair/share/wheelchair//models/aws_robomaker_warehouse_DeskC_01/materials/textures/aws_robomaker_warehouse_DeskC_03.psd
[0.948s] -- Up-to-date symlink: /home/joshin/Hybrid Search ETL/hybrid_rag_project/simulation/workspace/install/wheelchair/share/wheelchair//models/aws_robomaker_warehouse_DeskC_01/materials/textures/aws_robomaker_warehouse_DeskC_04.png
[0.948s] -- Up-to-date symlink: /home/joshin/Hybrid Search ETL/hybrid_rag_project/simulation/workspace/install/wheelchair/share/wheelchair//models/aws_robomaker_warehouse_DeskC_01/meshes/aws_robomaker_warehouse_DeskC_01_collision.DAE
[0.948s] -- Up-to-date symlink: /home/joshin/Hybrid Search ETL/hybrid_rag_project/simulation/workspace/install/wheelchair/share/wheelchair//models/aws_robomaker_warehouse_DeskC_01/meshes/aws_robomaker_warehouse_DeskC_01_visual.DAE
[0.948s] -- Up-to-date symlink: /home/joshin/Hybrid Search ETL/hybrid_rag_project/simulation/workspace/install/wheelchair/share/wheelchair//models/aws_robomaker_warehouse_DeskC_01/model.config
[0.948s] -- Up-to-date symlink: /home/joshin/Hybrid Search ETL/hybrid_rag_project/simulation/workspace/install/wheelchair/share/wheelchair//models/aws_robomaker_warehouse_DeskC_01/model.sdf
[0.948s] -- Up-to-date symlink: /home/joshin/Hybrid Search ETL/hybrid_rag_project/simulation/workspace/install/wheelchair/share/wheelchair//models/aws_robomaker_warehouse_GroundB_01/materials/textures/aws_robomaker_warehouse_GroundB_01.png
[0.948s] -- Up-to-date symlink: /home/joshin/Hybrid Search ETL/hybrid_rag_project/simulation/workspace/install/wheelchair/share/wheelchair//models/aws_robomaker_warehouse_GroundB_01/materials/textures/aws_robomaker_warehouse_GroundB_02.png
[0.948s] -- Up-to-date symlink: /home/joshin/Hybrid Search ETL/hybrid_rag_project/simulation/workspace/install/wheelchair/share/wheelchair//models/aws_robomaker_warehouse_GroundB_01/meshes/aws_robomaker_warehouse_GroundB_01_collision.DAE
[0.948s] -- Up-to-date symlink: /home/joshin/Hybrid Search ETL/hybrid_rag_project/simulation/workspace/install/wheelchair/share/wheelchair//models/aws_robomaker_warehouse_GroundB_01/meshes/aws_robomaker_warehouse_GroundB_01_visual.DAE
[0.948s] -- Up-to-date symlink: /home/joshin/Hybrid Search ETL/hybrid_rag_project/simulation/workspace/install/wheelchair/share/wheelchair//models/aws_robomaker_warehouse_GroundB_01/model.config
[0.948s] -- Up-to-date symlink: /home/joshin/Hybrid Search ETL/hybrid_rag_project/simulation/workspace/install/wheelchair/share/wheelchair//models/aws_robomaker_warehouse_GroundB_01/model.sdf
[0.948s] -- Up-to-date symlink: /home/joshin/Hybrid Search ETL/hybrid_rag_project/simulation/workspace/install/wheelchair/share/wheelchair//models/aws_robomaker_warehouse_Lamp_01/materials/textures/aws_robomaker_warehouse_Lamp_01.png
[0.948s] -- Up-to-date symlink: /home/joshin/Hybrid Search ETL/hybrid_rag_project/simulation/workspace/install/wheelchair/share/wheelchair//models/aws_robomaker_warehouse_Lamp_01/meshes/aws_robomaker_warehouse_Lamp_01_collision.DAE
[0.949s] -- Up-to-date symlink: /home/joshin/Hybrid Search ETL/hybrid_rag_project/simulation/workspace/install/wheelchair/share/wheelchair//models/aws_robomaker_warehouse_Lamp_01/meshes/aws_robomaker_warehouse_Lamp_01_visual.DAE
[0.949s] -- Up-to-date symlink: /home/joshin/Hybrid Search ETL/hybrid_rag_project/simulation/workspace/install/wheelchair/share/wheelchair//models/aws_robomaker_warehouse_Lamp_01/model.config
[0.949s] -- Up-to-date symlink: /home/joshin/Hybrid Search ETL/hybrid_rag_project/simulation/workspace/install/wheelchair/share/wheelchair//models/aws_robomaker_warehouse_Lamp_01/model.sdf
[0.949s] -- Up-to-date symlink: /home/joshin/Hybrid Search ETL/hybrid_rag_project/simulation/workspace/install/wheelchair/share/wheelchair//models/aws_robomaker_warehouse_PalletJackB_01/.DS_Store
[0.949s] -- Up-to-date symlink: /home/joshin/Hybrid Search ETL/hybrid_rag_project/simulation/workspace/install/wheelchair/share/wheelchair//models/aws_robomaker_warehouse_PalletJackB_01/materials/.DS_Store
[0.949s] -- Up-to-date symlink: /home/joshin/Hybrid Search ETL/hybrid_rag_project/simulation/workspace/install/wheelchair/share/wheelchair//models/aws_robomaker_warehouse_PalletJackB_01/materials/textures/aws_robomaker_warehouse_PalletJackB_01.png
[0.949s] -- Up-to-date symlink: /home/joshin/Hybrid Search ETL/hybrid_rag_project/simulation/workspace/install/wheelchair/share/wheelchair//models/aws_robomaker_warehouse_PalletJackB_01/materials/textures/aws_robomaker_warehouse_PalletJackB_02.png
[0.949s] -- Up-to-date symlink: /home/joshin/Hybrid Search ETL/hybrid_rag_project/simulation/workspace/install/wheelchair/share/wheelchair//models/aws_robomaker_warehouse_PalletJackB_01/meshes/aws_robomaker_warehouse_PalletJackB_01_collision.DAE
[0.949s] -- Up-to-date symlink: /home/joshin/Hybrid Search ETL/hybrid_rag_project/simulation/workspace/install/wheelchair/share/wheelchair//models/aws_robomaker_warehouse_PalletJackB_01/meshes/aws_robomaker_warehouse_PalletJackB_01_visual.DAE
[0.949s] -- Up-to-date symlink: /home/joshin/Hybrid Search ETL/hybrid_rag_project/simulation/workspace/install/wheelchair/share/wheelchair//models/aws_robomaker_warehouse_PalletJackB_01/model.config
[0.949s] -- Up-to-date symlink: /home/joshin/Hybrid Search ETL/hybrid_rag_project/simulation/workspace/install/wheelchair/share/wheelchair//models/aws_robomaker_warehouse_PalletJackB_01/model.sdf
[0.949s] -- Up-to-date symlink: /home/joshin/Hybrid Search ETL/hybrid_rag_project/simulation/workspace/install/wheelchair/share/wheelchair//models/aws_robomaker_warehouse_RoofB_01/materials/textures/aws_robomaker_warehouse_RoofB_01.png
[0.949s] -- Up-to-date symlink: /home/joshin/Hybrid Search ETL/hybrid_rag_project/simulation/workspace/install/wheelchair/share/wheelchair//models/aws_robomaker_warehouse_RoofB_01/meshes/aws_robomaker_warehouse_RoofB_01_collision.DAE
[0.949s] -- Up-to-date symlink: /home/joshin/Hybrid Search ETL/hybrid_rag_project/simulation/workspace/install/wheelchair/share/wheelchair//models/aws_robomaker_warehouse_RoofB_01/meshes/aws_robomaker_warehouse_RoofB_01_visual.DAE
[0.950s] -- Up-to-date symlink: /home/joshin/Hybrid Search ETL/hybrid_rag_project/simulation/workspace/install/wheelchair/share/wheelchair//models/aws_robomaker_warehouse_RoofB_01/model.config
[0.950s] -- Up-to-date symlink: /home/joshin/Hybrid Search ETL/hybrid_rag_project/simulation/workspace/install/wheelchair/share/wheelchair//models/aws_robomaker_warehouse_RoofB_01/model.sdf
[0.950s] -- Up-to-date symlink: /home/joshin/Hybrid Search ETL/hybrid_rag_project/simulation/workspace/install/wheelchair/share/wheelchair//models/aws_robomaker_warehouse_ShelfD_01/materials/textures/aws_robomaker_warehouse_ShelfD_01.png
[0.950s] -- Up-to-date symlink: /home/joshin/Hybrid Search ETL/hybrid_rag_project/simulation/workspace/install/wheelchair/share/wheelchair//models/aws_robomaker_warehouse_ShelfD_01/materials/textures/aws_robomaker_warehouse_ShelfD_02.png
[0.950s] -- Up-to-date symlink: /home/joshin/Hybrid Search ETL/hybrid_rag_project/simulation/workspace/install/wheelchair/share/wheelchair//models/aws_robomaker_warehouse_ShelfD_01/materials/textures/aws_robomaker_warehouse_ShelfD_03.png
[0.950s] -- Up-to-date symlink: /home/joshin/Hybrid Search ETL/hybrid_rag_project/simulation/workspace/install/wheelchair/share/wheelchair//models/aws_robomaker_warehouse_ShelfD_01/materials/textures/aws_robomaker_warehouse_ShelfD_04.png
[0.950s] -- Up-to-date symlink: /home/joshin/Hybrid Search ETL/hybrid_rag_project/simulation/workspace/install/wheelchair/share/wheelchair//models/aws_robomaker_warehouse_ShelfD_01/meshes/aws_robomaker_warehouse_ShelfD_01_collision.DAE
[0.950s] -- Up-to-date symlink: /home/joshin/Hybrid Search ETL/hybrid_rag_project/simulation/workspace/install/wheelchair/share/wheelchair//models/aws_robomaker_warehouse_ShelfD_01/meshes/aws_robomaker_warehouse_ShelfD_01_visual.DAE
[0.950s] -- Up-to-date symlink: /home/joshin/Hybrid Search ETL/hybrid_rag_project/simulation/workspace/install/wheelchair/share/wheelchair//models/aws_robomaker_warehouse_ShelfD_01/model.config
[0.950s] -- Up-to-date symlink: /home/joshin/Hybrid Search ETL/hybrid_rag_project/simulation/workspace/install/wheelchair/share/wheelchair//models/aws_robomaker_warehouse_ShelfD_01/model.sdf
[0.950s] -- Up-to-date symlink: /home/joshin/Hybrid Search ETL/hybrid_rag_project/simulation/workspace/install/wheelchair/share/wheelchair//models/aws_robomaker_warehouse_ShelfE_01/.DS_Store
[0.950s] -- Up-to-date symlink: /home/joshin/Hybrid Search ETL/hybrid_rag_project/simulation/workspace/install/wheelchair/share/wheelchair//models/aws_robomaker_warehouse_ShelfE_01/materials/.DS_Store
[0.950s] -- Up-to-date symlink: /home/joshin/Hybrid Search ETL/hybrid_rag_project/simulation/workspace/install/wheelchair/share/wheelchair//models/aws_robomaker_warehouse_ShelfE_01/materials/textures/aws_robomaker_warehouse_ShelfE_01.png
[0.951s] -- Up-to-date symlink: /home/joshin/Hybrid Search ETL/hybrid_rag_project/simulation/workspace/install/wheelchair/share/wheelchair//models/aws_robomaker_warehouse_ShelfE_01/materials/textures/aws_robomaker_warehouse_ShelfE_02.png
[0.951s] -- Up-to-date symlink: /home/joshin/Hybrid Search ETL/hybrid_rag_project/simulation/workspace/install/wheelchair/share/wheelchair//models/aws_robomaker_warehouse_ShelfE_01/materials/textures/aws_robomaker_warehouse_ShelfE_03.png
[0.951s] -- Up-to-date symlink: /home/joshin/Hybrid Search ETL/hybrid_rag_project/simulation/workspace/install/wheelchair/share/wheelchair//models/aws_robomaker_warehouse_ShelfE_01/materials/textures/aws_robomaker_warehouse_ShelfE_04.png
[0.951s] -- Up-to-date symlink: /home/joshin/Hybrid Search ETL/hybrid_rag_project/simulation/workspace/install/wheelchair/share/wheelchair//models/aws_robomaker_warehouse_ShelfE_01/meshes/aws_robomaker_warehouse_ShelfE_01_collision.DAE
[0.951s] -- Up-to-date symlink: /home/joshin/Hybrid Search ETL/hybrid_rag_project/simulation/workspace/install/wheelchair/share/wheelchair//models/aws_robomaker_warehouse_ShelfE_01/meshes/aws_robomaker_warehouse_ShelfE_01_visual.DAE
[0.951s] -- Up-to-date symlink: /home/joshin/Hybrid Search ETL/hybrid_rag_project/simulation/workspace/install/wheelchair/share/wheelchair//models/aws_robomaker_warehouse_ShelfE_01/model.config
[0.951s] -- Up-to-date symlink: /home/joshin/Hybrid Search ETL/hybrid_rag_project/simulation/workspace/install/wheelchair/share/wheelchair//models/aws_robomaker_warehouse_ShelfE_01/model.sdf
[0.951s] -- Up-to-date symlink: /home/joshin/Hybrid Search ETL/hybrid_rag_project/simulation/workspace/install/wheelchair/share/wheelchair//models/aws_robomaker_warehouse_ShelfF_01/materials/textures/aws_robomaker_warehouse_ShelfF_01.png
[0.951s] -- Up-to-date symlink: /home/joshin/Hybrid Search ETL/hybrid_rag_project/simulation/workspace/install/wheelchair/share/wheelchair//models/aws_robomaker_warehouse_ShelfF_01/materials/textures/aws_robomaker_warehouse_ShelfF_02.png
[0.951s] -- Up-to-date symlink: /home/joshin/Hybrid Search ETL/hybrid_rag_project/simulation/workspace/install/wheelchair/share/wheelchair//models/aws_robomaker_warehouse_ShelfF_01/materials/textures/aws_robomaker_warehouse_ShelfF_03.png
[0.951s] -- Up-to-date symlink: /home/joshin/Hybrid Search ETL/hybrid_rag_project/simulation/workspace/install/wheelchair/share/wheelchair//models/aws_robomaker_warehouse_ShelfF_01/meshes/aws_robomaker_warehouse_ShelfF_01_collision.DAE
[0.951s] -- Up-to-date symlink: /home/joshin/Hybrid Search ETL/hybrid_rag_project/simulation/workspace/install/wheelchair/share/wheelchair//models/aws_robomaker_warehouse_ShelfF_01/meshes/aws_robomaker_warehouse_ShelfF_01_visual.DAE
[0.951s] -- Up-to-date symlink: /home/joshin/Hybrid Search ETL/hybrid_rag_project/simulation/workspace/install/wheelchair/share/wheelchair//models/aws_robomaker_warehouse_ShelfF_01/model.config
[0.951s] -- Up-to-date symlink: /home/joshin/Hybrid Search ETL/hybrid_rag_project/simulation/workspace/install/wheelchair/share/wheelchair//models/aws_robomaker_warehouse_ShelfF_01/model.sdf
[0.952s] -- Up-to-date symlink: /home/joshin/Hybrid Search ETL/hybrid_rag_project/simulation/workspace/install/wheelchair/share/wheelchair//models/aws_robomaker_warehouse_TrashCanC_01/materials/textures/aws_robomaker_warehouse_TrashCanC_01.png
[0.952s] -- Up-to-date symlink: /home/joshin/Hybrid Search ETL/hybrid_rag_project/simulation/workspace/install/wheelchair/share/wheelchair//models/aws_robomaker_warehouse_TrashCanC_01/meshes/aws_robomaker_warehouse_TrashCanC_01_collision.DAE
[0.952s] -- Up-to-date symlink: /home/joshin/Hybrid Search ETL/hybrid_rag_project/simulation/workspace/install/wheelchair/share/wheelchair//models/aws_robomaker_warehouse_TrashCanC_01/meshes/aws_robomaker_warehouse_TrashCanC_01_visual.DAE
[0.952s] -- Up-to-date symlink: /home/joshin/Hybrid Search ETL/hybrid_rag_project/simulation/workspace/install/wheelchair/share/wheelchair//models/aws_robomaker_warehouse_TrashCanC_01/model.config
[0.952s] -- Up-to-date symlink: /home/joshin/Hybrid Search ETL/hybrid_rag_project/simulation/workspace/install/wheelchair/share/wheelchair//models/aws_robomaker_warehouse_TrashCanC_01/model.sdf
[0.952s] -- Up-to-date symlink: /home/joshin/Hybrid Search ETL/hybrid_rag_project/simulation/workspace/install/wheelchair/share/wheelchair//models/aws_robomaker_warehouse_WallB_01/materials/textures/aws_robomaker_warehouse_WallB_01.png
[0.952s] -- Up-to-date symlink: /home/joshin/Hybrid Search ETL/hybrid_rag_project/simulation/workspace/install/wheelchair/share/wheelchair//models/aws_robomaker_warehouse_WallB_01/meshes/aws_robomaker_warehouse_WallB_01_collision.DAE
[0.952s] -- Up-to-date symlink: /home/joshin/Hybrid Search ETL/hybrid_rag_project/simulation/workspace/install/wheelchair/share/wheelchair//models/aws_robomaker_warehouse_WallB_01/meshes/aws_robomaker_warehouse_WallB_01_visual.DAE
[0.952s] -- Up-to-date symlink: /home/joshin/Hybrid Search ETL/hybrid_rag_project/simulation/workspace/install/wheelchair/share/wheelchair//models/aws_robomaker_warehouse_WallB_01/model.config
[0.952s] -- Up-to-date symlink: /home/joshin/Hybrid Search ETL/hybrid_rag_project/simulation/workspace/install/wheelchair/share/wheelchair//models/aws_robomaker_warehouse_WallB_01/model.sdf
[0.952s] -- Up-to-date symlink: /home/joshin/Hybrid Search ETL/hybrid_rag_project/simulation/workspace/install/wheelchair/share/wheelchair//urdf/diff_robot.urdf
[0.952s] -- Up-to-date symlink: /home/joshin/Hybrid Search ETL/hybrid_rag_project/simulation/workspace/install/wheelchair/share/wheelchair//urdf/ign_robot.urdf
[0.952s] -- Up-to-date symlink: /home/joshin/Hybrid Search ETL/hybrid_rag_project/simulation/workspace/install/wheelchair/share/wheelchair//urdf/rviz.rviz
[0.953s] -- Up-to-date symlink: /home/joshin/Hybrid Search ETL/hybrid_rag_project/simulation/workspace/install/wheelchair/share/wheelchair//urdf/turtlebot3_navigation.rviz
[0.953s] -- Up-to-date symlink: /home/joshin/Hybrid Search ETL/hybrid_rag_project/simulation/workspace/install/wheelchair/share/wheelchair//urdf/urdf_config.rviz
[0.953s] -- Up-to-date symlink: /home/joshin/Hybrid Search ETL/hybrid_rag_project/simulation/workspace/install/wheelchair/share/wheelchair//urdf/zaaaa.xml
[0.953s] -- Up-to-date symlink: /home/joshin/Hybrid Search ETL/hybrid_rag_project/simulation/workspace/install/wheelchair/share/wheelchair//worlds/maze.sdf
[0.953s] -- Up-to-date symlink: /home/joshin/Hybrid Search ETL/hybrid_rag_project/simulation/workspace/install/wheelchair/share/wheelchair//worlds/maze_backup.sdf
[0.953s] -- Up-to-date symlink: /home/joshin/Hybrid Search ETL/hybrid_rag_project/simulation/workspace/install/wheelchair/share/wheelchair//maps/my_map.pgm
[0.953s] -- Up-to-date symlink: /home/joshin/Hybrid Search ETL/hybrid_rag_project/simulation/workspace/install/wheelchair/share/wheelchair//maps/my_map.yaml
[0.954s] -- Up-to-date symlink: /home/joshin/Hybrid Search ETL/hybrid_rag_project/simulation/workspace/install/wheelchair/share/wheelchair/config/bridge.yaml
[0.954s] -- Up-to-date symlink: /home/joshin/Hybrid Search ETL/hybrid_rag_project/simulation/workspace/install/wheelchair/share/wheelchair/config/ekf.yaml
[0.954s] -- Up-to-date symlink: /home/joshin/Hybrid Search ETL/hybrid_rag_project/simulation/workspace/install/wheelchair/share/wheelchair/config/frames_2025-12-14_19.48.29.gv
[0.954s] -- Up-to-date symlink: /home/joshin/Hybrid Search ETL/hybrid_rag_project/simulation/workspace/install/wheelchair/share/wheelchair/config/frames_2025-12-14_19.48.29.pdf
[0.954s] -- Up-to-date symlink: /home/joshin/Hybrid Search ETL/hybrid_rag_project/simulation/workspace/install/wheelchair/share/wheelchair/config/nav2_params.yaml
[0.954s] -- Up-to-date symlink: /home/joshin/Hybrid Search ETL/hybrid_rag_project/simulation/workspace/install/wheelchair/share/wheelchair/config/slam_toolbox_params.yaml
[0.954s] -- Up-to-date symlink: /home/joshin/Hybrid Search ETL/hybrid_rag_project/simulation/workspace/install/wheelchair/lib/wheelchair/keyboard_map_saver.py
[0.954s] -- Up-to-date symlink: /home/joshin/Hybrid Search ETL/hybrid_rag_project/simulation/workspace/install/wheelchair/share/ament_index/resource_index/package_run_dependencies/wheelchair
[0.954s] -- Up-to-date symlink: /home/joshin/Hybrid Search ETL/hybrid_rag_project/simulation/workspace/install/wheelchair/share/ament_index/resource_index/parent_prefix_path/wheelchair
[0.954s] -- Up-to-date symlink: /home/joshin/Hybrid Search ETL/hybrid_rag_project/simulation/workspace/install/wheelchair/share/wheelchair/environment/ament_prefix_path.sh
[0.955s] -- Up-to-date symlink: /home/joshin/Hybrid Search ETL/hybrid_rag_project/simulation/workspace/install/wheelchair/share/wheelchair/environment/ament_prefix_path.dsv
[0.955s] -- Up-to-date symlink: /home/joshin/Hybrid Search ETL/hybrid_rag_project/simulation/workspace/install/wheelchair/share/wheelchair/environment/path.sh
[0.955s] -- Up-to-date symlink: /home/joshin/Hybrid Search ETL/hybrid_rag_project/simulation/workspace/install/wheelchair/share/wheelchair/environment/path.dsv
[0.955s] -- Up-to-date symlink: /home/joshin/Hybrid Search ETL/hybrid_rag_project/simulation/workspace/install/wheelchair/share/wheelchair/local_setup.bash
[0.955s] -- Up-to-date symlink: /home/joshin/Hybrid Search ETL/hybrid_rag_project/simulation/workspace/install/wheelchair/share/wheelchair/local_setup.sh
[0.955s] -- Up-to-date symlink: /home/joshin/Hybrid Search ETL/hybrid_rag_project/simulation/workspace/install/wheelchair/share/wheelchair/local_setup.zsh
[0.955s] -- Up-to-date symlink: /home/joshin/Hybrid Search ETL/hybrid_rag_project/simulation/workspace/install/wheelchair/share/wheelchair/local_setup.dsv
[0.955s] -- Symlinking: /home/joshin/Hybrid Search ETL/hybrid_rag_project/simulation/workspace/install/wheelchair/share/wheelchair/package.dsv
[0.962s] -- Up-to-date symlink: /home/joshin/Hybrid Search ETL/hybrid_rag_project/simulation/workspace/install/wheelchair/share/ament_index/resource_index/packages/wheelchair
[0.963s] -- Up-to-date symlink: /home/joshin/Hybrid Search ETL/hybrid_rag_project/simulation/workspace/install/wheelchair/share/wheelchair/cmake/wheelchairConfig.cmake
[0.963s] -- Up-to-date symlink: /home/joshin/Hybrid Search ETL/hybrid_rag_project/simulation/workspace/install/wheelchair/share/wheelchair/cmake/wheelchairConfig-version.cmake
[0.963s] -- Up-to-date symlink: /home/joshin/Hybrid Search ETL/hybrid_rag_project/simulation/workspace/install/wheelchair/share/wheelchair/package.xml
[0.965s] Invoked command in '/home/joshin/Hybrid Search ETL/hybrid_rag_project/simulation/workspace/build/wheelchair' returned '0': CMAKE_PREFIX_PATH=/opt/ros/humble VIRTUAL_ENV_PROMPT=(venv) /usr/bin/cmake --install /home/joshin/Hybrid Search ETL/hybrid_rag_project/simulation/workspace/build/wheelchair
